{"C:\\Users\\I561459\\cdc_automation\\cdc-tools-chrome-extension\\src\\App.js": {"path":"C:\\Users\\I561459\\cdc_automation\\cdc-tools-chrome-extension\\src\\App.js","statementMap":{"0":{"start":{"line":11,"column":2},"end":{"line":25,"column":3}}},"fnMap":{"0":{"name":"App","decl":{"start":{"line":10,"column":9},"end":{"line":10,"column":12}},"loc":{"start":{"line":10,"column":15},"end":{"line":26,"column":1}},"line":10}},"branchMap":{},"s":{"0":0},"f":{"0":0},"b":{}}
,"C:\\Users\\I561459\\cdc_automation\\cdc-tools-chrome-extension\\src\\index.js": {"path":"C:\\Users\\I561459\\cdc_automation\\cdc-tools-chrome-extension\\src\\index.js","statementMap":{"0":{"start":{"line":26,"column":21},"end":{"line":30,"column":1}},"1":{"start":{"line":31,"column":0},"end":{"line":31,"column":19}},"2":{"start":{"line":32,"column":0},"end":{"line":32,"column":16}},"3":{"start":{"line":33,"column":0},"end":{"line":33,"column":24}},"4":{"start":{"line":34,"column":0},"end":{"line":50,"column":2}},"5":{"start":{"line":35,"column":2},"end":{"line":42,"column":3}},"6":{"start":{"line":44,"column":2},"end":{"line":44,"column":68}},"7":{"start":{"line":49,"column":2},"end":{"line":49,"column":19}}},"fnMap":{"0":{"name":"(anonymous_0)","decl":{"start":{"line":34,"column":19},"end":{"line":34,"column":20}},"loc":{"start":{"line":34,"column":25},"end":{"line":50,"column":1}},"line":34}},"branchMap":{},"s":{"0":0,"1":0,"2":0,"3":0,"4":0,"5":0,"6":0,"7":0},"f":{"0":0},"b":{}}
,"C:\\Users\\I561459\\cdc_automation\\cdc-tools-chrome-extension\\src\\reportWebVitals.js": {"path":"C:\\Users\\I561459\\cdc_automation\\cdc-tools-chrome-extension\\src\\reportWebVitals.js","statementMap":{"0":{"start":{"line":1,"column":24},"end":{"line":11,"column":1}},"1":{"start":{"line":2,"column":2},"end":{"line":10,"column":3}},"2":{"start":{"line":3,"column":4},"end":{"line":9,"column":6}},"3":{"start":{"line":4,"column":6},"end":{"line":4,"column":25}},"4":{"start":{"line":5,"column":6},"end":{"line":5,"column":25}},"5":{"start":{"line":6,"column":6},"end":{"line":6,"column":25}},"6":{"start":{"line":7,"column":6},"end":{"line":7,"column":25}},"7":{"start":{"line":8,"column":6},"end":{"line":8,"column":26}}},"fnMap":{"0":{"name":"(anonymous_0)","decl":{"start":{"line":1,"column":24},"end":{"line":1,"column":25}},"loc":{"start":{"line":1,"column":41},"end":{"line":11,"column":1}},"line":1},"1":{"name":"(anonymous_1)","decl":{"start":{"line":3,"column":30},"end":{"line":3,"column":31}},"loc":{"start":{"line":3,"column":79},"end":{"line":9,"column":5}},"line":3}},"branchMap":{"0":{"loc":{"start":{"line":2,"column":2},"end":{"line":10,"column":3}},"type":"if","locations":[{"start":{"line":2,"column":2},"end":{"line":10,"column":3}},{"start":{},"end":{}}],"line":2},"1":{"loc":{"start":{"line":2,"column":6},"end":{"line":2,"column":52}},"type":"binary-expr","locations":[{"start":{"line":2,"column":6},"end":{"line":2,"column":17}},{"start":{"line":2,"column":21},"end":{"line":2,"column":52}}],"line":2}},"s":{"0":0,"1":0,"2":0,"3":0,"4":0,"5":0,"6":0,"7":0},"f":{"0":0,"1":0},"b":{"0":[0,0],"1":[0,0]}}
,"C:\\Users\\I561459\\cdc_automation\\cdc-tools-chrome-extension\\src\\components\\credentials-popover-button\\credentials-popover-button.component.jsx": {"path":"C:\\Users\\I561459\\cdc_automation\\cdc-tools-chrome-extension\\src\\components\\credentials-popover-button\\credentials-popover-button.component.jsx","statementMap":{"0":{"start":{"line":9,"column":33},"end":{"line":31,"column":1}},"1":{"start":{"line":10,"column":14},"end":{"line":10,"column":22}},"2":{"start":{"line":11,"column":2},"end":{"line":30,"column":3}},"3":{"start":{"line":16,"column":36},"end":{"line":16,"column":47}},"4":{"start":{"line":17,"column":10},"end":{"line":21,"column":11}},"5":{"start":{"line":18,"column":12},"end":{"line":18,"column":37}},"6":{"start":{"line":20,"column":12},"end":{"line":20,"column":50}}},"fnMap":{"0":{"name":"(anonymous_0)","decl":{"start":{"line":9,"column":33},"end":{"line":9,"column":34}},"loc":{"start":{"line":9,"column":39},"end":{"line":31,"column":1}},"line":9},"1":{"name":"(anonymous_1)","decl":{"start":{"line":15,"column":17},"end":{"line":15,"column":18}},"loc":{"start":{"line":15,"column":28},"end":{"line":22,"column":9}},"line":15}},"branchMap":{"0":{"loc":{"start":{"line":17,"column":10},"end":{"line":21,"column":11}},"type":"if","locations":[{"start":{"line":17,"column":10},"end":{"line":21,"column":11}},{"start":{"line":19,"column":17},"end":{"line":21,"column":11}}],"line":17}},"s":{"0":0,"1":0,"2":0,"3":0,"4":0,"5":0,"6":0},"f":{"0":0,"1":0},"b":{"0":[0,0]}}
,"C:\\Users\\I561459\\cdc_automation\\cdc-tools-chrome-extension\\src\\components\\credentials-popup\\credentials-popup.component.jsx": {"path":"C:\\Users\\I561459\\cdc_automation\\cdc-tools-chrome-extension\\src\\components\\credentials-popup\\credentials-popup.component.jsx","statementMap":{"0":{"start":{"line":8,"column":25},"end":{"line":51,"column":1}},"1":{"start":{"line":9,"column":19},"end":{"line":9,"column":32}},"2":{"start":{"line":10,"column":22},"end":{"line":10,"column":52}},"3":{"start":{"line":11,"column":2},"end":{"line":11,"column":31}},"4":{"start":{"line":12,"column":2},"end":{"line":12,"column":37}},"5":{"start":{"line":14,"column":31},"end":{"line":17,"column":3}},"6":{"start":{"line":15,"column":23},"end":{"line":15,"column":41}},"7":{"start":{"line":16,"column":4},"end":{"line":16,"column":36}},"8":{"start":{"line":19,"column":34},"end":{"line":22,"column":3}},"9":{"start":{"line":20,"column":26},"end":{"line":20,"column":44}},"10":{"start":{"line":21,"column":4},"end":{"line":21,"column":42}},"11":{"start":{"line":24,"column":2},"end":{"line":50,"column":3}},"12":{"start":{"line":39,"column":113},"end":{"line":39,"column":140}},"13":{"start":{"line":45,"column":125},"end":{"line":45,"column":155}}},"fnMap":{"0":{"name":"(anonymous_0)","decl":{"start":{"line":8,"column":25},"end":{"line":8,"column":26}},"loc":{"start":{"line":8,"column":54},"end":{"line":51,"column":1}},"line":8},"1":{"name":"(anonymous_1)","decl":{"start":{"line":14,"column":31},"end":{"line":14,"column":32}},"loc":{"start":{"line":14,"column":42},"end":{"line":17,"column":3}},"line":14},"2":{"name":"(anonymous_2)","decl":{"start":{"line":19,"column":34},"end":{"line":19,"column":35}},"loc":{"start":{"line":19,"column":45},"end":{"line":22,"column":3}},"line":19},"3":{"name":"(anonymous_3)","decl":{"start":{"line":39,"column":102},"end":{"line":39,"column":103}},"loc":{"start":{"line":39,"column":113},"end":{"line":39,"column":140}},"line":39},"4":{"name":"(anonymous_4)","decl":{"start":{"line":45,"column":114},"end":{"line":45,"column":115}},"loc":{"start":{"line":45,"column":125},"end":{"line":45,"column":155}},"line":45}},"branchMap":{},"s":{"0":0,"1":0,"2":0,"3":0,"4":0,"5":0,"6":0,"7":0,"8":0,"9":0,"10":0,"11":0,"12":0,"13":0},"f":{"0":0,"1":0,"2":0,"3":0,"4":0},"b":{}}
,"C:\\Users\\I561459\\cdc_automation\\cdc-tools-chrome-extension\\src\\components\\dialog-message-dialog\\dialog-message.component.jsx": {"path":"C:\\Users\\I561459\\cdc_automation\\cdc-tools-chrome-extension\\src\\components\\dialog-message-dialog\\dialog-message.component.jsx","statementMap":{"0":{"start":{"line":4,"column":22},"end":{"line":32,"column":1}},"1":{"start":{"line":5,"column":42},"end":{"line":5,"column":56}},"2":{"start":{"line":7,"column":2},"end":{"line":9,"column":12}},"3":{"start":{"line":8,"column":4},"end":{"line":8,"column":25}},"4":{"start":{"line":11,"column":2},"end":{"line":31,"column":3}},"5":{"start":{"line":20,"column":37},"end":{"line":20,"column":59}}},"fnMap":{"0":{"name":"(anonymous_0)","decl":{"start":{"line":4,"column":22},"end":{"line":4,"column":23}},"loc":{"start":{"line":4,"column":124},"end":{"line":32,"column":1}},"line":4},"1":{"name":"(anonymous_1)","decl":{"start":{"line":7,"column":12},"end":{"line":7,"column":13}},"loc":{"start":{"line":7,"column":18},"end":{"line":9,"column":3}},"line":7},"2":{"name":"(anonymous_2)","decl":{"start":{"line":20,"column":31},"end":{"line":20,"column":32}},"loc":{"start":{"line":20,"column":37},"end":{"line":20,"column":59}},"line":20}},"branchMap":{"0":{"loc":{"start":{"line":4,"column":35},"end":{"line":4,"column":46}},"type":"default-arg","locations":[{"start":{"line":4,"column":42},"end":{"line":4,"column":46}}],"line":4},"1":{"loc":{"start":{"line":4,"column":48},"end":{"line":4,"column":72}},"type":"default-arg","locations":[{"start":{"line":4,"column":56},"end":{"line":4,"column":72}}],"line":4},"2":{"loc":{"start":{"line":4,"column":74},"end":{"line":4,"column":102}},"type":"default-arg","locations":[{"start":{"line":4,"column":95},"end":{"line":4,"column":102}}],"line":4}},"s":{"0":0,"1":0,"2":0,"3":0,"4":0,"5":0},"f":{"0":0,"1":0,"2":0},"b":{"0":[0],"1":[0],"2":[0]}}
,"C:\\Users\\I561459\\cdc_automation\\cdc-tools-chrome-extension\\src\\components\\message-list\\message-list.component.jsx": {"path":"C:\\Users\\I561459\\cdc_automation\\cdc-tools-chrome-extension\\src\\components\\message-list\\message-list.component.jsx","statementMap":{"0":{"start":{"line":7,"column":20},"end":{"line":22,"column":1}},"1":{"start":{"line":8,"column":2},"end":{"line":21,"column":3}},"2":{"start":{"line":13,"column":32},"end":{"line":13,"column":68}},"3":{"start":{"line":14,"column":8},"end":{"line":14,"column":126}},"4":{"start":{"line":14,"column":26},"end":{"line":14,"column":121}},"5":{"start":{"line":18,"column":8},"end":{"line":18,"column":100}}},"fnMap":{"0":{"name":"(anonymous_0)","decl":{"start":{"line":7,"column":20},"end":{"line":7,"column":21}},"loc":{"start":{"line":7,"column":38},"end":{"line":22,"column":1}},"line":7},"1":{"name":"(anonymous_1)","decl":{"start":{"line":11,"column":20},"end":{"line":11,"column":21}},"loc":{"start":{"line":11,"column":27},"end":{"line":15,"column":7}},"line":11},"2":{"name":"(anonymous_2)","decl":{"start":{"line":14,"column":19},"end":{"line":14,"column":20}},"loc":{"start":{"line":14,"column":26},"end":{"line":14,"column":121}},"line":14},"3":{"name":"(anonymous_3)","decl":{"start":{"line":17,"column":20},"end":{"line":17,"column":21}},"loc":{"start":{"line":18,"column":8},"end":{"line":18,"column":100}},"line":18}},"branchMap":{"0":{"loc":{"start":{"line":18,"column":30},"end":{"line":18,"column":78}},"type":"cond-expr","locations":[{"start":{"line":18,"column":47},"end":{"line":18,"column":61}},{"start":{"line":18,"column":64},"end":{"line":18,"column":78}}],"line":18}},"s":{"0":0,"1":0,"2":0,"3":0,"4":0,"5":0},"f":{"0":0,"1":0,"2":0,"3":0},"b":{"0":[0,0]}}
,"C:\\Users\\I561459\\cdc_automation\\cdc-tools-chrome-extension\\src\\components\\message-list-item\\message-list-item.component.jsx": {"path":"C:\\Users\\I561459\\cdc_automation\\cdc-tools-chrome-extension\\src\\components\\message-list-item\\message-list-item.component.jsx","statementMap":{"0":{"start":{"line":4,"column":24},"end":{"line":28,"column":1}},"1":{"start":{"line":5,"column":36},"end":{"line":5,"column":43}},"2":{"start":{"line":7,"column":2},"end":{"line":16,"column":3}},"3":{"start":{"line":8,"column":4},"end":{"line":15,"column":5}},"4":{"start":{"line":9,"column":6},"end":{"line":9,"column":38}},"5":{"start":{"line":12,"column":6},"end":{"line":14,"column":7}},"6":{"start":{"line":13,"column":8},"end":{"line":13,"column":81}},"7":{"start":{"line":17,"column":2},"end":{"line":21,"column":3}},"8":{"start":{"line":18,"column":4},"end":{"line":20,"column":5}},"9":{"start":{"line":19,"column":6},"end":{"line":19,"column":41}},"10":{"start":{"line":23,"column":2},"end":{"line":27,"column":3}}},"fnMap":{"0":{"name":"(anonymous_0)","decl":{"start":{"line":4,"column":24},"end":{"line":4,"column":25}},"loc":{"start":{"line":4,"column":41},"end":{"line":28,"column":1}},"line":4}},"branchMap":{"0":{"loc":{"start":{"line":7,"column":2},"end":{"line":16,"column":3}},"type":"if","locations":[{"start":{"line":7,"column":2},"end":{"line":16,"column":3}},{"start":{},"end":{}}],"line":7},"1":{"loc":{"start":{"line":8,"column":4},"end":{"line":15,"column":5}},"type":"if","locations":[{"start":{"line":8,"column":4},"end":{"line":15,"column":5}},{"start":{},"end":{}}],"line":8},"2":{"loc":{"start":{"line":12,"column":6},"end":{"line":14,"column":7}},"type":"if","locations":[{"start":{"line":12,"column":6},"end":{"line":14,"column":7}},{"start":{},"end":{}}],"line":12},"3":{"loc":{"start":{"line":12,"column":10},"end":{"line":12,"column":76}},"type":"binary-expr","locations":[{"start":{"line":12,"column":10},"end":{"line":12,"column":22}},{"start":{"line":12,"column":26},"end":{"line":12,"column":49}},{"start":{"line":12,"column":53},"end":{"line":12,"column":76}}],"line":12},"4":{"loc":{"start":{"line":17,"column":2},"end":{"line":21,"column":3}},"type":"if","locations":[{"start":{"line":17,"column":2},"end":{"line":21,"column":3}},{"start":{},"end":{}}],"line":17},"5":{"loc":{"start":{"line":18,"column":4},"end":{"line":20,"column":5}},"type":"if","locations":[{"start":{"line":18,"column":4},"end":{"line":20,"column":5}},{"start":{},"end":{}}],"line":18}},"s":{"0":0,"1":0,"2":0,"3":0,"4":0,"5":0,"6":0,"7":0,"8":0,"9":0,"10":0},"f":{"0":0},"b":{"0":[0,0],"1":[0,0],"2":[0,0],"3":[0,0,0],"4":[0,0],"5":[0,0]}}
,"C:\\Users\\I561459\\cdc_automation\\cdc-tools-chrome-extension\\src\\components\\message-popover-button\\message-popover-button.component.jsx": {"path":"C:\\Users\\I561459\\cdc_automation\\cdc-tools-chrome-extension\\src\\components\\message-popover-button\\message-popover-button.component.jsx","statementMap":{"0":{"start":{"line":6,"column":29},"end":{"line":21,"column":1}},"1":{"start":{"line":7,"column":14},"end":{"line":7,"column":22}},"2":{"start":{"line":8,"column":2},"end":{"line":20,"column":3}},"3":{"start":{"line":13,"column":10},"end":{"line":13,"column":38}}},"fnMap":{"0":{"name":"(anonymous_0)","decl":{"start":{"line":6,"column":29},"end":{"line":6,"column":30}},"loc":{"start":{"line":6,"column":71},"end":{"line":21,"column":1}},"line":6},"1":{"name":"(anonymous_1)","decl":{"start":{"line":12,"column":17},"end":{"line":12,"column":18}},"loc":{"start":{"line":12,"column":24},"end":{"line":14,"column":9}},"line":12}},"branchMap":{"0":{"loc":{"start":{"line":6,"column":41},"end":{"line":6,"column":64}},"type":"default-arg","locations":[{"start":{"line":6,"column":48},"end":{"line":6,"column":64}}],"line":6}},"s":{"0":0,"1":0,"2":0,"3":0},"f":{"0":0,"1":0},"b":{"0":[0]}}
,"C:\\Users\\I561459\\cdc_automation\\cdc-tools-chrome-extension\\src\\components\\sites-table\\sites-table.component.jsx": {"path":"C:\\Users\\I561459\\cdc_automation\\cdc-tools-chrome-extension\\src\\components\\sites-table\\sites-table.component.jsx","statementMap":{"0":{"start":{"line":15,"column":26},"end":{"line":89,"column":1}},"1":{"start":{"line":16,"column":25},"end":{"line":16,"column":49}},"2":{"start":{"line":17,"column":20},"end":{"line":17,"column":63}},"3":{"start":{"line":17,"column":43},"end":{"line":17,"column":62}},"4":{"start":{"line":19,"column":19},"end":{"line":19,"column":32}},"5":{"start":{"line":21,"column":33},"end":{"line":23,"column":3}},"6":{"start":{"line":22,"column":4},"end":{"line":22,"column":28}},"7":{"start":{"line":25,"column":31},"end":{"line":25,"column":110}},"8":{"start":{"line":25,"column":42},"end":{"line":25,"column":109}},"9":{"start":{"line":27,"column":2},"end":{"line":88,"column":3}},"10":{"start":{"line":73,"column":12},"end":{"line":73,"column":62}}},"fnMap":{"0":{"name":"(anonymous_0)","decl":{"start":{"line":15,"column":26},"end":{"line":15,"column":27}},"loc":{"start":{"line":15,"column":32},"end":{"line":89,"column":1}},"line":15},"1":{"name":"(anonymous_1)","decl":{"start":{"line":17,"column":32},"end":{"line":17,"column":33}},"loc":{"start":{"line":17,"column":43},"end":{"line":17,"column":62}},"line":17},"2":{"name":"(anonymous_2)","decl":{"start":{"line":21,"column":33},"end":{"line":21,"column":34}},"loc":{"start":{"line":21,"column":39},"end":{"line":23,"column":3}},"line":21},"3":{"name":"(anonymous_3)","decl":{"start":{"line":25,"column":31},"end":{"line":25,"column":32}},"loc":{"start":{"line":25,"column":42},"end":{"line":25,"column":109}},"line":25},"4":{"name":"(anonymous_4)","decl":{"start":{"line":72,"column":30},"end":{"line":72,"column":31}},"loc":{"start":{"line":73,"column":12},"end":{"line":73,"column":62}},"line":73}},"branchMap":{"0":{"loc":{"start":{"line":25,"column":42},"end":{"line":25,"column":109}},"type":"cond-expr","locations":[{"start":{"line":25,"column":56},"end":{"line":25,"column":104}},{"start":{"line":25,"column":107},"end":{"line":25,"column":109}}],"line":25},"1":{"loc":{"start":{"line":29,"column":7},"end":{"line":80,"column":7}},"type":"cond-expr","locations":[{"start":{"line":30,"column":8},"end":{"line":75,"column":16}},{"start":{"line":77,"column":8},"end":{"line":79,"column":14}}],"line":29}},"s":{"0":0,"1":0,"2":0,"3":0,"4":0,"5":0,"6":0,"7":0,"8":0,"9":0,"10":0},"f":{"0":0,"1":0,"2":0,"3":0,"4":0},"b":{"0":[0,0],"1":[0,0]}}
,"C:\\Users\\I561459\\cdc_automation\\cdc-tools-chrome-extension\\src\\components\\sites-table-child-row\\sites-table-child-row.component.jsx": {"path":"C:\\Users\\I561459\\cdc_automation\\cdc-tools-chrome-extension\\src\\components\\sites-table-child-row\\sites-table-child-row.component.jsx","statementMap":{"0":{"start":{"line":8,"column":27},"end":{"line":106,"column":1}},"1":{"start":{"line":9,"column":50},"end":{"line":9,"column":65}},"2":{"start":{"line":10,"column":19},"end":{"line":10,"column":32}},"3":{"start":{"line":11,"column":22},"end":{"line":11,"column":69}},"4":{"start":{"line":11,"column":45},"end":{"line":11,"column":68}},"5":{"start":{"line":12,"column":20},"end":{"line":12,"column":63}},"6":{"start":{"line":12,"column":43},"end":{"line":12,"column":62}},"7":{"start":{"line":13,"column":16},"end":{"line":13,"column":78}},"8":{"start":{"line":13,"column":39},"end":{"line":13,"column":77}},"9":{"start":{"line":15,"column":29},"end":{"line":20,"column":3}},"10":{"start":{"line":16,"column":4},"end":{"line":18,"column":5}},"11":{"start":{"line":17,"column":6},"end":{"line":17,"column":23}},"12":{"start":{"line":19,"column":4},"end":{"line":19,"column":102}},"13":{"start":{"line":19,"column":51},"end":{"line":19,"column":92}},"14":{"start":{"line":22,"column":30},"end":{"line":31,"column":3}},"15":{"start":{"line":23,"column":26},"end":{"line":23,"column":44}},"16":{"start":{"line":24,"column":4},"end":{"line":30,"column":5}},"17":{"start":{"line":33,"column":35},"end":{"line":42,"column":3}},"18":{"start":{"line":34,"column":27},"end":{"line":34,"column":45}},"19":{"start":{"line":35,"column":4},"end":{"line":41,"column":5}},"20":{"start":{"line":44,"column":35},"end":{"line":46,"column":3}},"21":{"start":{"line":45,"column":4},"end":{"line":45,"column":42}},"22":{"start":{"line":48,"column":41},"end":{"line":50,"column":3}},"23":{"start":{"line":49,"column":4},"end":{"line":49,"column":29}},"24":{"start":{"line":52,"column":31},"end":{"line":54,"column":3}},"25":{"start":{"line":53,"column":4},"end":{"line":53,"column":55}},"26":{"start":{"line":56,"column":29},"end":{"line":61,"column":3}},"27":{"start":{"line":57,"column":4},"end":{"line":59,"column":5}},"28":{"start":{"line":58,"column":6},"end":{"line":58,"column":15}},"29":{"start":{"line":60,"column":4},"end":{"line":60,"column":114}},"30":{"start":{"line":63,"column":2},"end":{"line":105,"column":3}},"31":{"start":{"line":72,"column":32},"end":{"line":72,"column":58}},"32":{"start":{"line":78,"column":105},"end":{"line":78,"column":136}}},"fnMap":{"0":{"name":"(anonymous_0)","decl":{"start":{"line":8,"column":27},"end":{"line":8,"column":28}},"loc":{"start":{"line":8,"column":104},"end":{"line":106,"column":1}},"line":8},"1":{"name":"(anonymous_1)","decl":{"start":{"line":11,"column":34},"end":{"line":11,"column":35}},"loc":{"start":{"line":11,"column":45},"end":{"line":11,"column":68}},"line":11},"2":{"name":"(anonymous_2)","decl":{"start":{"line":12,"column":32},"end":{"line":12,"column":33}},"loc":{"start":{"line":12,"column":43},"end":{"line":12,"column":62}},"line":12},"3":{"name":"(anonymous_3)","decl":{"start":{"line":13,"column":28},"end":{"line":13,"column":29}},"loc":{"start":{"line":13,"column":39},"end":{"line":13,"column":77}},"line":13},"4":{"name":"(anonymous_4)","decl":{"start":{"line":15,"column":29},"end":{"line":15,"column":30}},"loc":{"start":{"line":15,"column":50},"end":{"line":20,"column":3}},"line":15},"5":{"name":"(anonymous_5)","decl":{"start":{"line":19,"column":30},"end":{"line":19,"column":31}},"loc":{"start":{"line":19,"column":51},"end":{"line":19,"column":92}},"line":19},"6":{"name":"(anonymous_6)","decl":{"start":{"line":22,"column":30},"end":{"line":22,"column":31}},"loc":{"start":{"line":22,"column":41},"end":{"line":31,"column":3}},"line":22},"7":{"name":"(anonymous_7)","decl":{"start":{"line":33,"column":35},"end":{"line":33,"column":36}},"loc":{"start":{"line":33,"column":46},"end":{"line":42,"column":3}},"line":33},"8":{"name":"(anonymous_8)","decl":{"start":{"line":44,"column":35},"end":{"line":44,"column":36}},"loc":{"start":{"line":44,"column":41},"end":{"line":46,"column":3}},"line":44},"9":{"name":"(anonymous_9)","decl":{"start":{"line":48,"column":41},"end":{"line":48,"column":42}},"loc":{"start":{"line":48,"column":47},"end":{"line":50,"column":3}},"line":48},"10":{"name":"(anonymous_10)","decl":{"start":{"line":52,"column":31},"end":{"line":52,"column":32}},"loc":{"start":{"line":52,"column":37},"end":{"line":54,"column":3}},"line":52},"11":{"name":"(anonymous_11)","decl":{"start":{"line":56,"column":29},"end":{"line":56,"column":30}},"loc":{"start":{"line":56,"column":52},"end":{"line":61,"column":3}},"line":56},"12":{"name":"(anonymous_12)","decl":{"start":{"line":72,"column":21},"end":{"line":72,"column":22}},"loc":{"start":{"line":72,"column":32},"end":{"line":72,"column":58}},"line":72},"13":{"name":"(anonymous_13)","decl":{"start":{"line":78,"column":94},"end":{"line":78,"column":95}},"loc":{"start":{"line":78,"column":105},"end":{"line":78,"column":136}},"line":78}},"branchMap":{"0":{"loc":{"start":{"line":16,"column":4},"end":{"line":18,"column":5}},"type":"if","locations":[{"start":{"line":16,"column":4},"end":{"line":18,"column":5}},{"start":{},"end":{}}],"line":16},"1":{"loc":{"start":{"line":57,"column":4},"end":{"line":59,"column":5}},"type":"if","locations":[{"start":{"line":57,"column":4},"end":{"line":59,"column":5}},{"start":{},"end":{}}],"line":57},"2":{"loc":{"start":{"line":60,"column":44},"end":{"line":60,"column":101}},"type":"cond-expr","locations":[{"start":{"line":60,"column":54},"end":{"line":60,"column":96}},{"start":{"line":60,"column":99},"end":{"line":60,"column":101}}],"line":60}},"s":{"0":0,"1":0,"2":0,"3":0,"4":0,"5":0,"6":0,"7":0,"8":0,"9":0,"10":0,"11":0,"12":0,"13":0,"14":0,"15":0,"16":0,"17":0,"18":0,"19":0,"20":0,"21":0,"22":0,"23":0,"24":0,"25":0,"26":0,"27":0,"28":0,"29":0,"30":0,"31":0,"32":0},"f":{"0":0,"1":0,"2":0,"3":0,"4":0,"5":0,"6":0,"7":0,"8":0,"9":0,"10":0,"11":0,"12":0,"13":0},"b":{"0":[0,0],"1":[0,0],"2":[0,0]}}
,"C:\\Users\\I561459\\cdc_automation\\cdc-tools-chrome-extension\\src\\components\\sites-table-parent-row\\sites-table-parent-row.component.jsx": {"path":"C:\\Users\\I561459\\cdc_automation\\cdc-tools-chrome-extension\\src\\components\\sites-table-parent-row\\sites-table-parent-row.component.jsx","statementMap":{"0":{"start":{"line":15,"column":28},"end":{"line":169,"column":1}},"1":{"start":{"line":16,"column":50},"end":{"line":16,"column":65}},"2":{"start":{"line":17,"column":46},"end":{"line":17,"column":60}},"3":{"start":{"line":19,"column":19},"end":{"line":19,"column":32}},"4":{"start":{"line":20,"column":22},"end":{"line":20,"column":69}},"5":{"start":{"line":20,"column":45},"end":{"line":20,"column":68}},"6":{"start":{"line":21,"column":20},"end":{"line":21,"column":63}},"7":{"start":{"line":21,"column":43},"end":{"line":21,"column":62}},"8":{"start":{"line":22,"column":16},"end":{"line":22,"column":78}},"9":{"start":{"line":22,"column":39},"end":{"line":22,"column":77}},"10":{"start":{"line":24,"column":28},"end":{"line":24,"column":70}},"11":{"start":{"line":26,"column":29},"end":{"line":34,"column":3}},"12":{"start":{"line":27,"column":26},"end":{"line":27,"column":67}},"13":{"start":{"line":28,"column":4},"end":{"line":33,"column":5}},"14":{"start":{"line":36,"column":31},"end":{"line":44,"column":3}},"15":{"start":{"line":37,"column":26},"end":{"line":37,"column":44}},"16":{"start":{"line":38,"column":4},"end":{"line":43,"column":5}},"17":{"start":{"line":46,"column":36},"end":{"line":54,"column":3}},"18":{"start":{"line":47,"column":27},"end":{"line":47,"column":45}},"19":{"start":{"line":48,"column":4},"end":{"line":53,"column":5}},"20":{"start":{"line":56,"column":35},"end":{"line":58,"column":3}},"21":{"start":{"line":57,"column":4},"end":{"line":57,"column":42}},"22":{"start":{"line":60,"column":41},"end":{"line":62,"column":3}},"23":{"start":{"line":61,"column":4},"end":{"line":61,"column":29}},"24":{"start":{"line":64,"column":32},"end":{"line":66,"column":3}},"25":{"start":{"line":65,"column":4},"end":{"line":65,"column":38}},"26":{"start":{"line":68,"column":28},"end":{"line":71,"column":3}},"27":{"start":{"line":69,"column":4},"end":{"line":69,"column":34}},"28":{"start":{"line":70,"column":4},"end":{"line":70,"column":26}},"29":{"start":{"line":73,"column":30},"end":{"line":118,"column":3}},"30":{"start":{"line":74,"column":4},"end":{"line":117,"column":5}},"31":{"start":{"line":75,"column":6},"end":{"line":105,"column":7}},"32":{"start":{"line":83,"column":16},"end":{"line":83,"column":39}},"33":{"start":{"line":92,"column":16},"end":{"line":92,"column":38}},"34":{"start":{"line":101,"column":32},"end":{"line":101,"column":59}},"35":{"start":{"line":107,"column":6},"end":{"line":116,"column":7}},"36":{"start":{"line":113,"column":30},"end":{"line":113,"column":57}},"37":{"start":{"line":120,"column":29},"end":{"line":125,"column":3}},"38":{"start":{"line":121,"column":4},"end":{"line":123,"column":5}},"39":{"start":{"line":122,"column":6},"end":{"line":122,"column":119}},"40":{"start":{"line":122,"column":44},"end":{"line":122,"column":118}},"41":{"start":{"line":124,"column":4},"end":{"line":124,"column":22}},"42":{"start":{"line":127,"column":29},"end":{"line":132,"column":3}},"43":{"start":{"line":128,"column":4},"end":{"line":130,"column":5}},"44":{"start":{"line":129,"column":6},"end":{"line":129,"column":15}},"45":{"start":{"line":131,"column":4},"end":{"line":131,"column":114}},"46":{"start":{"line":134,"column":2},"end":{"line":168,"column":3}},"47":{"start":{"line":141,"column":105},"end":{"line":141,"column":137}},"48":{"start":{"line":147,"column":14},"end":{"line":149,"column":23}}},"fnMap":{"0":{"name":"(anonymous_0)","decl":{"start":{"line":15,"column":28},"end":{"line":15,"column":29}},"loc":{"start":{"line":15,"column":99},"end":{"line":169,"column":1}},"line":15},"1":{"name":"(anonymous_1)","decl":{"start":{"line":20,"column":34},"end":{"line":20,"column":35}},"loc":{"start":{"line":20,"column":45},"end":{"line":20,"column":68}},"line":20},"2":{"name":"(anonymous_2)","decl":{"start":{"line":21,"column":32},"end":{"line":21,"column":33}},"loc":{"start":{"line":21,"column":43},"end":{"line":21,"column":62}},"line":21},"3":{"name":"(anonymous_3)","decl":{"start":{"line":22,"column":28},"end":{"line":22,"column":29}},"loc":{"start":{"line":22,"column":39},"end":{"line":22,"column":77}},"line":22},"4":{"name":"(anonymous_4)","decl":{"start":{"line":26,"column":29},"end":{"line":26,"column":30}},"loc":{"start":{"line":26,"column":40},"end":{"line":34,"column":3}},"line":26},"5":{"name":"(anonymous_5)","decl":{"start":{"line":36,"column":31},"end":{"line":36,"column":32}},"loc":{"start":{"line":36,"column":42},"end":{"line":44,"column":3}},"line":36},"6":{"name":"(anonymous_6)","decl":{"start":{"line":46,"column":36},"end":{"line":46,"column":37}},"loc":{"start":{"line":46,"column":47},"end":{"line":54,"column":3}},"line":46},"7":{"name":"(anonymous_7)","decl":{"start":{"line":56,"column":35},"end":{"line":56,"column":36}},"loc":{"start":{"line":56,"column":41},"end":{"line":58,"column":3}},"line":56},"8":{"name":"(anonymous_8)","decl":{"start":{"line":60,"column":41},"end":{"line":60,"column":42}},"loc":{"start":{"line":60,"column":47},"end":{"line":62,"column":3}},"line":60},"9":{"name":"(anonymous_9)","decl":{"start":{"line":64,"column":32},"end":{"line":64,"column":33}},"loc":{"start":{"line":64,"column":38},"end":{"line":66,"column":3}},"line":64},"10":{"name":"(anonymous_10)","decl":{"start":{"line":68,"column":28},"end":{"line":68,"column":29}},"loc":{"start":{"line":68,"column":34},"end":{"line":71,"column":3}},"line":68},"11":{"name":"(anonymous_11)","decl":{"start":{"line":73,"column":30},"end":{"line":73,"column":31}},"loc":{"start":{"line":73,"column":36},"end":{"line":118,"column":3}},"line":73},"12":{"name":"(anonymous_12)","decl":{"start":{"line":82,"column":23},"end":{"line":82,"column":24}},"loc":{"start":{"line":82,"column":29},"end":{"line":84,"column":15}},"line":82},"13":{"name":"(anonymous_13)","decl":{"start":{"line":91,"column":23},"end":{"line":91,"column":24}},"loc":{"start":{"line":91,"column":29},"end":{"line":93,"column":15}},"line":91},"14":{"name":"(anonymous_14)","decl":{"start":{"line":101,"column":21},"end":{"line":101,"column":22}},"loc":{"start":{"line":101,"column":32},"end":{"line":101,"column":59}},"line":101},"15":{"name":"(anonymous_15)","decl":{"start":{"line":113,"column":19},"end":{"line":113,"column":20}},"loc":{"start":{"line":113,"column":30},"end":{"line":113,"column":57}},"line":113},"16":{"name":"(anonymous_16)","decl":{"start":{"line":120,"column":29},"end":{"line":120,"column":30}},"loc":{"start":{"line":120,"column":35},"end":{"line":125,"column":3}},"line":120},"17":{"name":"(anonymous_17)","decl":{"start":{"line":122,"column":29},"end":{"line":122,"column":30}},"loc":{"start":{"line":122,"column":44},"end":{"line":122,"column":118}},"line":122},"18":{"name":"(anonymous_18)","decl":{"start":{"line":127,"column":29},"end":{"line":127,"column":30}},"loc":{"start":{"line":127,"column":52},"end":{"line":132,"column":3}},"line":127},"19":{"name":"(anonymous_19)","decl":{"start":{"line":141,"column":94},"end":{"line":141,"column":95}},"loc":{"start":{"line":141,"column":105},"end":{"line":141,"column":137}},"line":141},"20":{"name":"(anonymous_20)","decl":{"start":{"line":146,"column":35},"end":{"line":146,"column":36}},"loc":{"start":{"line":147,"column":14},"end":{"line":149,"column":23}},"line":147}},"branchMap":{"0":{"loc":{"start":{"line":74,"column":4},"end":{"line":117,"column":5}},"type":"if","locations":[{"start":{"line":74,"column":4},"end":{"line":117,"column":5}},{"start":{"line":106,"column":11},"end":{"line":117,"column":5}}],"line":74},"1":{"loc":{"start":{"line":74,"column":8},"end":{"line":74,"column":39}},"type":"binary-expr","locations":[{"start":{"line":74,"column":8},"end":{"line":74,"column":18}},{"start":{"line":74,"column":22},"end":{"line":74,"column":39}}],"line":74},"2":{"loc":{"start":{"line":77,"column":11},"end":{"line":95,"column":11}},"type":"cond-expr","locations":[{"start":{"line":78,"column":12},"end":{"line":85,"column":22}},{"start":{"line":87,"column":12},"end":{"line":94,"column":22}}],"line":77},"3":{"loc":{"start":{"line":121,"column":4},"end":{"line":123,"column":5}},"type":"if","locations":[{"start":{"line":121,"column":4},"end":{"line":123,"column":5}},{"start":{},"end":{}}],"line":121},"4":{"loc":{"start":{"line":128,"column":4},"end":{"line":130,"column":5}},"type":"if","locations":[{"start":{"line":128,"column":4},"end":{"line":130,"column":5}},{"start":{},"end":{}}],"line":128},"5":{"loc":{"start":{"line":131,"column":44},"end":{"line":131,"column":101}},"type":"cond-expr","locations":[{"start":{"line":131,"column":54},"end":{"line":131,"column":96}},{"start":{"line":131,"column":99},"end":{"line":131,"column":101}}],"line":131},"6":{"loc":{"start":{"line":147,"column":63},"end":{"line":147,"column":107}},"type":"binary-expr","locations":[{"start":{"line":147,"column":63},"end":{"line":147,"column":83}},{"start":{"line":147,"column":87},"end":{"line":147,"column":107}}],"line":147}},"s":{"0":0,"1":0,"2":0,"3":0,"4":0,"5":0,"6":0,"7":0,"8":0,"9":0,"10":0,"11":0,"12":0,"13":0,"14":0,"15":0,"16":0,"17":0,"18":0,"19":0,"20":0,"21":0,"22":0,"23":0,"24":0,"25":0,"26":0,"27":0,"28":0,"29":0,"30":0,"31":0,"32":0,"33":0,"34":0,"35":0,"36":0,"37":0,"38":0,"39":0,"40":0,"41":0,"42":0,"43":0,"44":0,"45":0,"46":0,"47":0,"48":0},"f":{"0":0,"1":0,"2":0,"3":0,"4":0,"5":0,"6":0,"7":0,"8":0,"9":0,"10":0,"11":0,"12":0,"13":0,"14":0,"15":0,"16":0,"17":0,"18":0,"19":0,"20":0},"b":{"0":[0,0],"1":[0,0],"2":[0,0],"3":[0,0],"4":[0,0],"5":[0,0],"6":[0,0]}}
,"C:\\Users\\I561459\\cdc_automation\\cdc-tools-chrome-extension\\src\\inject\\chromeStorage.js": {"path":"C:\\Users\\I561459\\cdc_automation\\cdc-tools-chrome-extension\\src\\inject\\chromeStorage.js","statementMap":{"0":{"start":{"line":2,"column":32},"end":{"line":7,"column":1}},"1":{"start":{"line":9,"column":33},"end":{"line":27,"column":1}},"2":{"start":{"line":10,"column":2},"end":{"line":13,"column":3}},"3":{"start":{"line":11,"column":4},"end":{"line":11,"column":63}},"4":{"start":{"line":12,"column":4},"end":{"line":12,"column":10}},"5":{"start":{"line":15,"column":2},"end":{"line":15,"column":134}},"6":{"start":{"line":15,"column":89},"end":{"line":15,"column":132}},"7":{"start":{"line":17,"column":2},"end":{"line":26,"column":4}},"8":{"start":{"line":18,"column":4},"end":{"line":25,"column":5}},"9":{"start":{"line":19,"column":6},"end":{"line":21,"column":7}},"10":{"start":{"line":20,"column":8},"end":{"line":20,"column":61}},"11":{"start":{"line":22,"column":6},"end":{"line":24,"column":7}},"12":{"start":{"line":23,"column":8},"end":{"line":23,"column":65}}},"fnMap":{"0":{"name":"(anonymous_0)","decl":{"start":{"line":9,"column":33},"end":{"line":9,"column":34}},"loc":{"start":{"line":9,"column":39},"end":{"line":27,"column":1}},"line":9},"1":{"name":"(anonymous_1)","decl":{"start":{"line":15,"column":60},"end":{"line":15,"column":61}},"loc":{"start":{"line":15,"column":89},"end":{"line":15,"column":132}},"line":15},"2":{"name":"(anonymous_2)","decl":{"start":{"line":17,"column":46},"end":{"line":17,"column":47}},"loc":{"start":{"line":17,"column":65},"end":{"line":26,"column":3}},"line":17}},"branchMap":{"0":{"loc":{"start":{"line":10,"column":2},"end":{"line":13,"column":3}},"type":"if","locations":[{"start":{"line":10,"column":2},"end":{"line":13,"column":3}},{"start":{},"end":{}}],"line":10},"1":{"loc":{"start":{"line":10,"column":6},"end":{"line":10,"column":78}},"type":"binary-expr","locations":[{"start":{"line":10,"column":6},"end":{"line":10,"column":20}},{"start":{"line":10,"column":24},"end":{"line":10,"column":46}},{"start":{"line":10,"column":50},"end":{"line":10,"column":78}}],"line":10},"2":{"loc":{"start":{"line":18,"column":4},"end":{"line":25,"column":5}},"type":"if","locations":[{"start":{"line":18,"column":4},"end":{"line":25,"column":5}},{"start":{},"end":{}}],"line":18},"3":{"loc":{"start":{"line":19,"column":6},"end":{"line":21,"column":7}},"type":"if","locations":[{"start":{"line":19,"column":6},"end":{"line":21,"column":7}},{"start":{},"end":{}}],"line":19},"4":{"loc":{"start":{"line":22,"column":6},"end":{"line":24,"column":7}},"type":"if","locations":[{"start":{"line":22,"column":6},"end":{"line":24,"column":7}},{"start":{},"end":{}}],"line":22}},"s":{"0":1,"1":1,"2":0,"3":0,"4":0,"5":0,"6":0,"7":0,"8":0,"9":0,"10":0,"11":0,"12":0},"f":{"0":0,"1":0,"2":0},"b":{"0":[0,0],"1":[0,0,0],"2":[0,0],"3":[0,0],"4":[0,0]},"_coverageSchema":"1a1c01bbd47fc00a2c39e90264f33305004495a9","hash":"42bd2005db21576ff1b9ef6ae8f2699867a3fb4e"}
,"C:\\Users\\I561459\\cdc_automation\\cdc-tools-chrome-extension\\src\\inject\\constants.js": {"path":"C:\\Users\\I561459\\cdc_automation\\cdc-tools-chrome-extension\\src\\inject\\constants.js","statementMap":{"0":{"start":{"line":1,"column":37},"end":{"line":1,"column":86}},"1":{"start":{"line":2,"column":36},"end":{"line":2,"column":84}},"2":{"start":{"line":3,"column":34},"end":{"line":3,"column":56}},"3":{"start":{"line":4,"column":34},"end":{"line":4,"column":51}},"4":{"start":{"line":6,"column":36},"end":{"line":6,"column":51}},"5":{"start":{"line":7,"column":41},"end":{"line":7,"column":57}},"6":{"start":{"line":8,"column":37},"end":{"line":8,"column":62}},"7":{"start":{"line":10,"column":35},"end":{"line":10,"column":63}},"8":{"start":{"line":11,"column":37},"end":{"line":11,"column":72}},"9":{"start":{"line":12,"column":42},"end":{"line":12,"column":84}}},"fnMap":{},"branchMap":{},"s":{"0":3,"1":3,"2":3,"3":3,"4":3,"5":3,"6":3,"7":3,"8":3,"9":3},"f":{},"b":{},"_coverageSchema":"1a1c01bbd47fc00a2c39e90264f33305004495a9","hash":"e6517b8738ab0237023e06a8b623e0ab78564441"}
,"C:\\Users\\I561459\\cdc_automation\\cdc-tools-chrome-extension\\src\\inject\\injectAppContainer.js": {"path":"C:\\Users\\I561459\\cdc_automation\\cdc-tools-chrome-extension\\src\\inject\\injectAppContainer.js","statementMap":{"0":{"start":{"line":4,"column":31},"end":{"line":4,"column":52}},"1":{"start":{"line":6,"column":32},"end":{"line":12,"column":1}},"2":{"start":{"line":7,"column":2},"end":{"line":7,"column":98}},"3":{"start":{"line":9,"column":2},"end":{"line":11,"column":3}},"4":{"start":{"line":10,"column":4},"end":{"line":10,"column":15}},"5":{"start":{"line":14,"column":35},"end":{"line":14,"column":100}},"6":{"start":{"line":14,"column":41},"end":{"line":14,"column":100}},"7":{"start":{"line":16,"column":34},"end":{"line":16,"column":122}},"8":{"start":{"line":16,"column":49},"end":{"line":16,"column":122}},"9":{"start":{"line":16,"column":94},"end":{"line":16,"column":121}}},"fnMap":{"0":{"name":"(anonymous_0)","decl":{"start":{"line":6,"column":32},"end":{"line":6,"column":33}},"loc":{"start":{"line":6,"column":47},"end":{"line":12,"column":1}},"line":6},"1":{"name":"(anonymous_1)","decl":{"start":{"line":14,"column":35},"end":{"line":14,"column":36}},"loc":{"start":{"line":14,"column":41},"end":{"line":14,"column":100}},"line":14},"2":{"name":"(anonymous_2)","decl":{"start":{"line":16,"column":34},"end":{"line":16,"column":35}},"loc":{"start":{"line":16,"column":49},"end":{"line":16,"column":122}},"line":16},"3":{"name":"(anonymous_3)","decl":{"start":{"line":16,"column":88},"end":{"line":16,"column":89}},"loc":{"start":{"line":16,"column":94},"end":{"line":16,"column":121}},"line":16}},"branchMap":{"0":{"loc":{"start":{"line":9,"column":2},"end":{"line":11,"column":3}},"type":"if","locations":[{"start":{"line":9,"column":2},"end":{"line":11,"column":3}},{"start":{},"end":{}}],"line":9}},"s":{"0":1,"1":1,"2":3,"3":3,"4":0,"5":1,"6":1,"7":1,"8":1,"9":1},"f":{"0":3,"1":1,"2":1,"3":1},"b":{"0":[0,3]},"_coverageSchema":"1a1c01bbd47fc00a2c39e90264f33305004495a9","hash":"4e319ff5e5fe7810295bdfd800b7a1d0d12b0400"}
,"C:\\Users\\I561459\\cdc_automation\\cdc-tools-chrome-extension\\src\\inject\\injectMenu.js": {"path":"C:\\Users\\I561459\\cdc_automation\\cdc-tools-chrome-extension\\src\\inject\\injectMenu.js","statementMap":{"0":{"start":{"line":4,"column":31},"end":{"line":16,"column":6}},"1":{"start":{"line":18,"column":33},"end":{"line":46,"column":1}},"2":{"start":{"line":19,"column":32},"end":{"line":19,"column":63}},"3":{"start":{"line":21,"column":15},"end":{"line":21,"column":95}},"4":{"start":{"line":22,"column":2},"end":{"line":24,"column":3}},"5":{"start":{"line":23,"column":4},"end":{"line":23,"column":10}},"6":{"start":{"line":25,"column":2},"end":{"line":25,"column":20}},"7":{"start":{"line":27,"column":2},"end":{"line":45,"column":4}},"8":{"start":{"line":28,"column":17},"end":{"line":28,"column":125}},"9":{"start":{"line":28,"column":45},"end":{"line":28,"column":124}},"10":{"start":{"line":30,"column":4},"end":{"line":44,"column":5}},"11":{"start":{"line":31,"column":30},"end":{"line":31,"column":37}},"12":{"start":{"line":32,"column":21},"end":{"line":32,"column":36}},"13":{"start":{"line":33,"column":6},"end":{"line":33,"column":64}},"14":{"start":{"line":34,"column":6},"end":{"line":34,"column":58}},"15":{"start":{"line":35,"column":6},"end":{"line":35,"column":56}},"16":{"start":{"line":36,"column":6},"end":{"line":36,"column":54}},"17":{"start":{"line":38,"column":22},"end":{"line":38,"column":42}},"18":{"start":{"line":41,"column":6},"end":{"line":41,"column":138}},"19":{"start":{"line":41,"column":46},"end":{"line":41,"column":137}},"20":{"start":{"line":43,"column":6},"end":{"line":43,"column":23}},"21":{"start":{"line":48,"column":36},"end":{"line":50,"column":1}},"22":{"start":{"line":49,"column":2},"end":{"line":49,"column":84}},"23":{"start":{"line":49,"column":70},"end":{"line":49,"column":83}},"24":{"start":{"line":52,"column":26},"end":{"line":62,"column":1}},"25":{"start":{"line":53,"column":2},"end":{"line":61,"column":4}},"26":{"start":{"line":56,"column":6},"end":{"line":56,"column":37}},"27":{"start":{"line":59,"column":6},"end":{"line":59,"column":28}}},"fnMap":{"0":{"name":"(anonymous_0)","decl":{"start":{"line":18,"column":33},"end":{"line":18,"column":34}},"loc":{"start":{"line":18,"column":56},"end":{"line":46,"column":1}},"line":18},"1":{"name":"(anonymous_1)","decl":{"start":{"line":27,"column":40},"end":{"line":27,"column":41}},"loc":{"start":{"line":27,"column":48},"end":{"line":45,"column":3}},"line":27},"2":{"name":"(anonymous_2)","decl":{"start":{"line":28,"column":37},"end":{"line":28,"column":38}},"loc":{"start":{"line":28,"column":45},"end":{"line":28,"column":124}},"line":28},"3":{"name":"(anonymous_3)","decl":{"start":{"line":41,"column":40},"end":{"line":41,"column":41}},"loc":{"start":{"line":41,"column":46},"end":{"line":41,"column":137}},"line":41},"4":{"name":"(anonymous_4)","decl":{"start":{"line":48,"column":36},"end":{"line":48,"column":37}},"loc":{"start":{"line":48,"column":42},"end":{"line":50,"column":1}},"line":48},"5":{"name":"(anonymous_5)","decl":{"start":{"line":49,"column":60},"end":{"line":49,"column":61}},"loc":{"start":{"line":49,"column":70},"end":{"line":49,"column":83}},"line":49},"6":{"name":"(anonymous_6)","decl":{"start":{"line":52,"column":26},"end":{"line":52,"column":27}},"loc":{"start":{"line":52,"column":49},"end":{"line":62,"column":1}},"line":52},"7":{"name":"(anonymous_7)","decl":{"start":{"line":55,"column":15},"end":{"line":55,"column":16}},"loc":{"start":{"line":55,"column":21},"end":{"line":57,"column":5}},"line":55},"8":{"name":"(anonymous_8)","decl":{"start":{"line":58,"column":15},"end":{"line":58,"column":16}},"loc":{"start":{"line":58,"column":21},"end":{"line":60,"column":5}},"line":58}},"branchMap":{"0":{"loc":{"start":{"line":18,"column":34},"end":{"line":18,"column":51}},"type":"default-arg","locations":[{"start":{"line":18,"column":49},"end":{"line":18,"column":51}}],"line":18},"1":{"loc":{"start":{"line":22,"column":2},"end":{"line":24,"column":3}},"type":"if","locations":[{"start":{"line":22,"column":2},"end":{"line":24,"column":3}},{"start":{},"end":{}}],"line":22},"2":{"loc":{"start":{"line":30,"column":4},"end":{"line":44,"column":5}},"type":"if","locations":[{"start":{"line":30,"column":4},"end":{"line":44,"column":5}},{"start":{},"end":{}}],"line":30},"3":{"loc":{"start":{"line":52,"column":27},"end":{"line":52,"column":44}},"type":"default-arg","locations":[{"start":{"line":52,"column":42},"end":{"line":52,"column":44}}],"line":52}},"s":{"0":1,"1":1,"2":4,"3":4,"4":4,"5":0,"6":4,"7":4,"8":135,"9":270,"10":135,"11":8,"12":8,"13":8,"14":8,"15":8,"16":8,"17":8,"18":8,"19":0,"20":8,"21":1,"22":2,"23":6,"24":1,"25":1,"26":2,"27":1},"f":{"0":4,"1":135,"2":270,"3":0,"4":2,"5":6,"6":1,"7":2,"8":1},"b":{"0":[0],"1":[0,4],"2":[8,127],"3":[0]},"_coverageSchema":"1a1c01bbd47fc00a2c39e90264f33305004495a9","hash":"eec5c7ec6638ec13d47148259ed88fbe63049ce1"}
,"C:\\Users\\I561459\\cdc_automation\\cdc-tools-chrome-extension\\src\\inject\\navigation.js": {"path":"C:\\Users\\I561459\\cdc_automation\\cdc-tools-chrome-extension\\src\\inject\\navigation.js","statementMap":{"0":{"start":{"line":5,"column":42},"end":{"line":5,"column":72}},"1":{"start":{"line":6,"column":33},"end":{"line":6,"column":46}},"2":{"start":{"line":8,"column":13},"end":{"line":20,"column":1}},"3":{"start":{"line":9,"column":2},"end":{"line":9,"column":61}},"4":{"start":{"line":9,"column":21},"end":{"line":9,"column":60}},"5":{"start":{"line":10,"column":2},"end":{"line":10,"column":63}},"6":{"start":{"line":10,"column":19},"end":{"line":10,"column":58}},"7":{"start":{"line":13,"column":23},"end":{"line":13,"column":97}},"8":{"start":{"line":14,"column":2},"end":{"line":19,"column":3}},"9":{"start":{"line":15,"column":4},"end":{"line":18,"column":6}},"10":{"start":{"line":16,"column":6},"end":{"line":16,"column":31}},"11":{"start":{"line":17,"column":6},"end":{"line":17,"column":45}},"12":{"start":{"line":22,"column":32},"end":{"line":23,"column":129}},"13":{"start":{"line":23,"column":2},"end":{"line":23,"column":129}},"14":{"start":{"line":23,"column":62},"end":{"line":23,"column":123}},"15":{"start":{"line":25,"column":33},"end":{"line":44,"column":1}},"16":{"start":{"line":26,"column":2},"end":{"line":26,"column":86}},"17":{"start":{"line":28,"column":16},"end":{"line":28,"column":46}},"18":{"start":{"line":29,"column":21},"end":{"line":29,"column":66}},"19":{"start":{"line":30,"column":20},"end":{"line":30,"column":43}},"20":{"start":{"line":32,"column":2},"end":{"line":36,"column":3}},"21":{"start":{"line":33,"column":34},"end":{"line":33,"column":43}},"22":{"start":{"line":34,"column":4},"end":{"line":34,"column":44}},"23":{"start":{"line":35,"column":4},"end":{"line":35,"column":38}},"24":{"start":{"line":39,"column":2},"end":{"line":43,"column":3}},"25":{"start":{"line":40,"column":4},"end":{"line":40,"column":19}},"26":{"start":{"line":42,"column":4},"end":{"line":42,"column":31}},"27":{"start":{"line":46,"column":22},"end":{"line":57,"column":1}},"28":{"start":{"line":47,"column":16},"end":{"line":47,"column":46}},"29":{"start":{"line":49,"column":2},"end":{"line":49,"column":17}},"30":{"start":{"line":50,"column":2},"end":{"line":50,"column":27}},"31":{"start":{"line":53,"column":2},"end":{"line":53,"column":123}},"32":{"start":{"line":53,"column":71},"end":{"line":53,"column":122}},"33":{"start":{"line":54,"column":2},"end":{"line":54,"column":93}},"34":{"start":{"line":56,"column":2},"end":{"line":56,"column":36}},"35":{"start":{"line":59,"column":22},"end":{"line":72,"column":1}},"36":{"start":{"line":60,"column":2},"end":{"line":62,"column":3}},"37":{"start":{"line":61,"column":4},"end":{"line":61,"column":10}},"38":{"start":{"line":65,"column":2},"end":{"line":65,"column":96}},"39":{"start":{"line":68,"column":2},"end":{"line":68,"column":121}},"40":{"start":{"line":68,"column":73},"end":{"line":68,"column":120}},"41":{"start":{"line":71,"column":2},"end":{"line":71,"column":129}},"42":{"start":{"line":71,"column":90},"end":{"line":71,"column":128}},"43":{"start":{"line":75,"column":32},"end":{"line":77,"column":1}},"44":{"start":{"line":76,"column":2},"end":{"line":76,"column":132}},"45":{"start":{"line":76,"column":93},"end":{"line":76,"column":131}},"46":{"start":{"line":80,"column":29},"end":{"line":82,"column":1}},"47":{"start":{"line":81,"column":2},"end":{"line":81,"column":115}},"48":{"start":{"line":81,"column":79},"end":{"line":81,"column":114}},"49":{"start":{"line":84,"column":31},"end":{"line":91,"column":1}},"50":{"start":{"line":85,"column":2},"end":{"line":85,"column":46}},"51":{"start":{"line":87,"column":25},"end":{"line":87,"column":97}},"52":{"start":{"line":88,"column":2},"end":{"line":90,"column":3}},"53":{"start":{"line":89,"column":4},"end":{"line":89,"column":93}},"54":{"start":{"line":93,"column":30},"end":{"line":100,"column":1}},"55":{"start":{"line":94,"column":2},"end":{"line":99,"column":4}},"56":{"start":{"line":97,"column":6},"end":{"line":97,"column":12}}},"fnMap":{"0":{"name":"(anonymous_0)","decl":{"start":{"line":8,"column":13},"end":{"line":8,"column":14}},"loc":{"start":{"line":8,"column":19},"end":{"line":20,"column":1}},"line":8},"1":{"name":"(anonymous_1)","decl":{"start":{"line":9,"column":15},"end":{"line":9,"column":16}},"loc":{"start":{"line":9,"column":21},"end":{"line":9,"column":60}},"line":9},"2":{"name":"(anonymous_2)","decl":{"start":{"line":10,"column":13},"end":{"line":10,"column":14}},"loc":{"start":{"line":10,"column":19},"end":{"line":10,"column":58}},"line":10},"3":{"name":"(anonymous_3)","decl":{"start":{"line":14,"column":23},"end":{"line":14,"column":24}},"loc":{"start":{"line":15,"column":4},"end":{"line":18,"column":6}},"line":15},"4":{"name":"(anonymous_4)","decl":{"start":{"line":15,"column":38},"end":{"line":15,"column":39}},"loc":{"start":{"line":15,"column":45},"end":{"line":18,"column":5}},"line":15},"5":{"name":"(anonymous_5)","decl":{"start":{"line":22,"column":32},"end":{"line":22,"column":33}},"loc":{"start":{"line":23,"column":2},"end":{"line":23,"column":129}},"line":23},"6":{"name":"(anonymous_6)","decl":{"start":{"line":23,"column":33},"end":{"line":23,"column":34}},"loc":{"start":{"line":23,"column":62},"end":{"line":23,"column":123}},"line":23},"7":{"name":"(anonymous_7)","decl":{"start":{"line":25,"column":33},"end":{"line":25,"column":34}},"loc":{"start":{"line":25,"column":51},"end":{"line":44,"column":1}},"line":25},"8":{"name":"(anonymous_8)","decl":{"start":{"line":46,"column":22},"end":{"line":46,"column":23}},"loc":{"start":{"line":46,"column":40},"end":{"line":57,"column":1}},"line":46},"9":{"name":"(anonymous_9)","decl":{"start":{"line":53,"column":56},"end":{"line":53,"column":57}},"loc":{"start":{"line":53,"column":71},"end":{"line":53,"column":122}},"line":53},"10":{"name":"(anonymous_10)","decl":{"start":{"line":59,"column":22},"end":{"line":59,"column":23}},"loc":{"start":{"line":59,"column":28},"end":{"line":72,"column":1}},"line":59},"11":{"name":"(anonymous_11)","decl":{"start":{"line":68,"column":65},"end":{"line":68,"column":66}},"loc":{"start":{"line":68,"column":73},"end":{"line":68,"column":120}},"line":68},"12":{"name":"(anonymous_12)","decl":{"start":{"line":71,"column":82},"end":{"line":71,"column":83}},"loc":{"start":{"line":71,"column":90},"end":{"line":71,"column":128}},"line":71},"13":{"name":"(anonymous_13)","decl":{"start":{"line":75,"column":32},"end":{"line":75,"column":33}},"loc":{"start":{"line":75,"column":38},"end":{"line":77,"column":1}},"line":75},"14":{"name":"(anonymous_14)","decl":{"start":{"line":76,"column":85},"end":{"line":76,"column":86}},"loc":{"start":{"line":76,"column":93},"end":{"line":76,"column":131}},"line":76},"15":{"name":"(anonymous_15)","decl":{"start":{"line":80,"column":29},"end":{"line":80,"column":30}},"loc":{"start":{"line":80,"column":47},"end":{"line":82,"column":1}},"line":80},"16":{"name":"(anonymous_16)","decl":{"start":{"line":81,"column":62},"end":{"line":81,"column":63}},"loc":{"start":{"line":81,"column":79},"end":{"line":81,"column":114}},"line":81},"17":{"name":"(anonymous_17)","decl":{"start":{"line":84,"column":31},"end":{"line":84,"column":32}},"loc":{"start":{"line":84,"column":48},"end":{"line":91,"column":1}},"line":84},"18":{"name":"(anonymous_18)","decl":{"start":{"line":93,"column":30},"end":{"line":93,"column":31}},"loc":{"start":{"line":93,"column":36},"end":{"line":100,"column":1}},"line":93},"19":{"name":"(anonymous_19)","decl":{"start":{"line":96,"column":15},"end":{"line":96,"column":16}},"loc":{"start":{"line":96,"column":21},"end":{"line":98,"column":5}},"line":96}},"branchMap":{"0":{"loc":{"start":{"line":22,"column":33},"end":{"line":22,"column":68}},"type":"default-arg","locations":[{"start":{"line":22,"column":48},"end":{"line":22,"column":68}}],"line":22},"1":{"loc":{"start":{"line":23,"column":62},"end":{"line":23,"column":123}},"type":"cond-expr","locations":[{"start":{"line":23,"column":93},"end":{"line":23,"column":115}},{"start":{"line":23,"column":118},"end":{"line":23,"column":123}}],"line":23},"2":{"loc":{"start":{"line":23,"column":62},"end":{"line":23,"column":90}},"type":"binary-expr","locations":[{"start":{"line":23,"column":62},"end":{"line":23,"column":71}},{"start":{"line":23,"column":75},"end":{"line":23,"column":90}}],"line":23},"3":{"loc":{"start":{"line":26,"column":17},"end":{"line":26,"column":86}},"type":"cond-expr","locations":[{"start":{"line":26,"column":46},"end":{"line":26,"column":71}},{"start":{"line":26,"column":74},"end":{"line":26,"column":86}}],"line":26},"4":{"loc":{"start":{"line":32,"column":2},"end":{"line":36,"column":3}},"type":"if","locations":[{"start":{"line":32,"column":2},"end":{"line":36,"column":3}},{"start":{},"end":{}}],"line":32},"5":{"loc":{"start":{"line":39,"column":2},"end":{"line":43,"column":3}},"type":"if","locations":[{"start":{"line":39,"column":2},"end":{"line":43,"column":3}},{"start":{"line":41,"column":9},"end":{"line":43,"column":3}}],"line":39},"6":{"loc":{"start":{"line":39,"column":6},"end":{"line":39,"column":48}},"type":"binary-expr","locations":[{"start":{"line":39,"column":6},"end":{"line":39,"column":26}},{"start":{"line":39,"column":30},"end":{"line":39,"column":48}}],"line":39},"7":{"loc":{"start":{"line":60,"column":2},"end":{"line":62,"column":3}},"type":"if","locations":[{"start":{"line":60,"column":2},"end":{"line":62,"column":3}},{"start":{},"end":{}}],"line":60},"8":{"loc":{"start":{"line":88,"column":2},"end":{"line":90,"column":3}},"type":"if","locations":[{"start":{"line":88,"column":2},"end":{"line":90,"column":3}},{"start":{},"end":{}}],"line":88}},"s":{"0":1,"1":1,"2":1,"3":0,"4":0,"5":0,"6":0,"7":0,"8":0,"9":0,"10":0,"11":0,"12":1,"13":3,"14":14,"15":1,"16":2,"17":2,"18":2,"19":2,"20":2,"21":2,"22":2,"23":2,"24":2,"25":1,"26":1,"27":1,"28":1,"29":1,"30":1,"31":1,"32":1,"33":1,"34":1,"35":1,"36":2,"37":0,"38":2,"39":2,"40":3,"41":2,"42":3,"43":1,"44":1,"45":1,"46":1,"47":1,"48":1,"49":1,"50":1,"51":1,"52":1,"53":0,"54":1,"55":0,"56":0},"f":{"0":0,"1":0,"2":0,"3":0,"4":0,"5":3,"6":14,"7":2,"8":1,"9":1,"10":2,"11":3,"12":3,"13":1,"14":1,"15":1,"16":1,"17":1,"18":0,"19":0},"b":{"0":[0],"1":[5,9],"2":[14,5],"3":[0,2],"4":[2,0],"5":[1,1],"6":[2,2],"7":[0,2],"8":[0,1]},"_coverageSchema":"1a1c01bbd47fc00a2c39e90264f33305004495a9","hash":"c97b0e70efee03e58ec506a54f5ff937bcb8368a"}
,"C:\\Users\\I561459\\cdc_automation\\cdc-tools-chrome-extension\\src\\inject\\utils.js": {"path":"C:\\Users\\I561459\\cdc_automation\\cdc-tools-chrome-extension\\src\\inject\\utils.js","statementMap":{"0":{"start":{"line":1,"column":28},"end":{"line":1,"column":117}},"1":{"start":{"line":1,"column":44},"end":{"line":1,"column":117}},"2":{"start":{"line":10,"column":23},"end":{"line":12,"column":20}},"3":{"start":{"line":11,"column":17},"end":{"line":11,"column":30}},"4":{"start":{"line":14,"column":23},"end":{"line":14,"column":92}},"5":{"start":{"line":14,"column":51},"end":{"line":14,"column":91}},"6":{"start":{"line":17,"column":17},"end":{"line":17,"column":63}},"7":{"start":{"line":18,"column":2},"end":{"line":18,"column":43}},"8":{"start":{"line":23,"column":15},"end":{"line":23,"column":49}},"9":{"start":{"line":24,"column":2},"end":{"line":24,"column":20}},"10":{"start":{"line":25,"column":2},"end":{"line":25,"column":23}},"11":{"start":{"line":26,"column":2},"end":{"line":26,"column":32}},"12":{"start":{"line":30,"column":31},"end":{"line":39,"column":1}},"13":{"start":{"line":31,"column":15},"end":{"line":31,"column":52}},"14":{"start":{"line":32,"column":2},"end":{"line":38,"column":3}},"15":{"start":{"line":33,"column":4},"end":{"line":33,"column":65}},"16":{"start":{"line":33,"column":21},"end":{"line":33,"column":60}},"17":{"start":{"line":35,"column":4},"end":{"line":37,"column":5}},"18":{"start":{"line":36,"column":6},"end":{"line":36,"column":20}},"19":{"start":{"line":42,"column":28},"end":{"line":62,"column":1}},"20":{"start":{"line":43,"column":49},"end":{"line":43,"column":53}},"21":{"start":{"line":45,"column":2},"end":{"line":59,"column":3}},"22":{"start":{"line":46,"column":4},"end":{"line":51,"column":5}},"23":{"start":{"line":47,"column":6},"end":{"line":47,"column":24}},"24":{"start":{"line":48,"column":6},"end":{"line":50,"column":7}},"25":{"start":{"line":49,"column":8},"end":{"line":49,"column":23}},"26":{"start":{"line":53,"column":4},"end":{"line":58,"column":5}},"27":{"start":{"line":54,"column":6},"end":{"line":54,"column":25}},"28":{"start":{"line":55,"column":6},"end":{"line":57,"column":7}},"29":{"start":{"line":56,"column":8},"end":{"line":56,"column":23}},"30":{"start":{"line":61,"column":2},"end":{"line":61,"column":42}},"31":{"start":{"line":61,"column":19},"end":{"line":61,"column":37}},"32":{"start":{"line":65,"column":28},"end":{"line":73,"column":1}},"33":{"start":{"line":66,"column":2},"end":{"line":71,"column":3}},"34":{"start":{"line":67,"column":4},"end":{"line":67,"column":35}},"35":{"start":{"line":68,"column":4},"end":{"line":70,"column":5}},"36":{"start":{"line":69,"column":6},"end":{"line":69,"column":16}},"37":{"start":{"line":72,"column":2},"end":{"line":72,"column":56}},"38":{"start":{"line":72,"column":19},"end":{"line":72,"column":51}},"39":{"start":{"line":76,"column":16},"end":{"line":76,"column":34}},"40":{"start":{"line":77,"column":21},"end":{"line":77,"column":41}},"41":{"start":{"line":78,"column":25},"end":{"line":82,"column":1}}},"fnMap":{"0":{"name":"(anonymous_0)","decl":{"start":{"line":1,"column":28},"end":{"line":1,"column":29}},"loc":{"start":{"line":1,"column":44},"end":{"line":1,"column":117}},"line":1},"1":{"name":"querySelectorAllShadows","decl":{"start":{"line":8,"column":16},"end":{"line":8,"column":39}},"loc":{"start":{"line":8,"column":75},"end":{"line":19,"column":1}},"line":8},"2":{"name":"(anonymous_2)","decl":{"start":{"line":11,"column":9},"end":{"line":11,"column":10}},"loc":{"start":{"line":11,"column":17},"end":{"line":11,"column":30}},"line":11},"3":{"name":"(anonymous_3)","decl":{"start":{"line":14,"column":40},"end":{"line":14,"column":41}},"loc":{"start":{"line":14,"column":51},"end":{"line":14,"column":91}},"line":14},"4":{"name":"htmlToElem","decl":{"start":{"line":22,"column":16},"end":{"line":22,"column":26}},"loc":{"start":{"line":22,"column":33},"end":{"line":27,"column":1}},"line":22},"5":{"name":"(anonymous_5)","decl":{"start":{"line":30,"column":31},"end":{"line":30,"column":32}},"loc":{"start":{"line":30,"column":59},"end":{"line":39,"column":1}},"line":30},"6":{"name":"(anonymous_6)","decl":{"start":{"line":33,"column":15},"end":{"line":33,"column":16}},"loc":{"start":{"line":33,"column":21},"end":{"line":33,"column":60}},"line":33},"7":{"name":"(anonymous_7)","decl":{"start":{"line":42,"column":28},"end":{"line":42,"column":29}},"loc":{"start":{"line":42,"column":38},"end":{"line":62,"column":1}},"line":42},"8":{"name":"(anonymous_8)","decl":{"start":{"line":61,"column":13},"end":{"line":61,"column":14}},"loc":{"start":{"line":61,"column":19},"end":{"line":61,"column":37}},"line":61},"9":{"name":"(anonymous_9)","decl":{"start":{"line":65,"column":28},"end":{"line":65,"column":29}},"loc":{"start":{"line":65,"column":52},"end":{"line":73,"column":1}},"line":65},"10":{"name":"(anonymous_10)","decl":{"start":{"line":72,"column":13},"end":{"line":72,"column":14}},"loc":{"start":{"line":72,"column":19},"end":{"line":72,"column":51}},"line":72}},"branchMap":{"0":{"loc":{"start":{"line":8,"column":50},"end":{"line":8,"column":73}},"type":"default-arg","locations":[{"start":{"line":8,"column":60},"end":{"line":8,"column":73}}],"line":8},"1":{"loc":{"start":{"line":32,"column":2},"end":{"line":38,"column":3}},"type":"if","locations":[{"start":{"line":32,"column":2},"end":{"line":38,"column":3}},{"start":{"line":34,"column":9},"end":{"line":38,"column":3}}],"line":32},"2":{"loc":{"start":{"line":35,"column":4},"end":{"line":37,"column":5}},"type":"if","locations":[{"start":{"line":35,"column":4},"end":{"line":37,"column":5}},{"start":{},"end":{}}],"line":35},"3":{"loc":{"start":{"line":45,"column":2},"end":{"line":59,"column":3}},"type":"if","locations":[{"start":{"line":45,"column":2},"end":{"line":59,"column":3}},{"start":{"line":52,"column":9},"end":{"line":59,"column":3}}],"line":45},"4":{"loc":{"start":{"line":46,"column":4},"end":{"line":51,"column":5}},"type":"if","locations":[{"start":{"line":46,"column":4},"end":{"line":51,"column":5}},{"start":{},"end":{}}],"line":46},"5":{"loc":{"start":{"line":48,"column":6},"end":{"line":50,"column":7}},"type":"if","locations":[{"start":{"line":48,"column":6},"end":{"line":50,"column":7}},{"start":{},"end":{}}],"line":48},"6":{"loc":{"start":{"line":53,"column":4},"end":{"line":58,"column":5}},"type":"if","locations":[{"start":{"line":53,"column":4},"end":{"line":58,"column":5}},{"start":{},"end":{}}],"line":53},"7":{"loc":{"start":{"line":55,"column":6},"end":{"line":57,"column":7}},"type":"if","locations":[{"start":{"line":55,"column":6},"end":{"line":57,"column":7}},{"start":{},"end":{}}],"line":55},"8":{"loc":{"start":{"line":66,"column":2},"end":{"line":71,"column":3}},"type":"if","locations":[{"start":{"line":66,"column":2},"end":{"line":71,"column":3}},{"start":{},"end":{}}],"line":66},"9":{"loc":{"start":{"line":68,"column":4},"end":{"line":70,"column":5}},"type":"if","locations":[{"start":{"line":68,"column":4},"end":{"line":70,"column":5}},{"start":{},"end":{}}],"line":68}},"s":{"0":3,"1":418,"2":19,"3":3709,"4":19,"5":0,"6":19,"7":19,"8":13,"9":13,"10":13,"11":13,"12":3,"13":3,"14":3,"15":2,"16":2,"17":1,"18":1,"19":3,"20":3,"21":3,"22":2,"23":2,"24":2,"25":2,"26":1,"27":1,"28":1,"29":1,"30":3,"31":2,"32":3,"33":0,"34":0,"35":0,"36":0,"37":0,"38":0,"39":3,"40":3,"41":3},"f":{"0":418,"1":19,"2":3709,"3":0,"4":13,"5":3,"6":2,"7":3,"8":2,"9":0,"10":0},"b":{"0":[19],"1":[2,1],"2":[1,0],"3":[2,1],"4":[2,0],"5":[2,0],"6":[1,0],"7":[1,0],"8":[0,0],"9":[0,0]},"_coverageSchema":"1a1c01bbd47fc00a2c39e90264f33305004495a9","hash":"f55417a1cf0fc8e89f8f8ed028a2e1e82b10d681"}
,"C:\\Users\\I561459\\cdc_automation\\cdc-tools-chrome-extension\\src\\redux\\siteSlice.js": {"path":"C:\\Users\\I561459\\cdc_automation\\cdc-tools-chrome-extension\\src\\redux\\siteSlice.js","statementMap":{"0":{"start":{"line":7,"column":27},"end":{"line":7,"column":165}},"1":{"start":{"line":7,"column":75},"end":{"line":7,"column":165}},"2":{"start":{"line":7,"column":122},"end":{"line":7,"column":158}},"3":{"start":{"line":9,"column":27},"end":{"line":9,"column":169}},"4":{"start":{"line":9,"column":67},"end":{"line":9,"column":169}},"5":{"start":{"line":11,"column":31},"end":{"line":14,"column":3}},"6":{"start":{"line":12,"column":2},"end":{"line":14,"column":3}},"7":{"start":{"line":13,"column":4},"end":{"line":13,"column":137}},"8":{"start":{"line":16,"column":29},"end":{"line":23,"column":1}},"9":{"start":{"line":17,"column":17},"end":{"line":17,"column":31}},"10":{"start":{"line":18,"column":26},"end":{"line":18,"column":75}},"11":{"start":{"line":19,"column":2},"end":{"line":19,"column":89}},"12":{"start":{"line":21,"column":15},"end":{"line":21,"column":122}},"13":{"start":{"line":22,"column":2},"end":{"line":22,"column":144}},"14":{"start":{"line":25,"column":19},"end":{"line":28,"column":1}},"15":{"start":{"line":26,"column":15},"end":{"line":26,"column":117}},"16":{"start":{"line":27,"column":2},"end":{"line":27,"column":57}},"17":{"start":{"line":30,"column":24},"end":{"line":30,"column":121}},"18":{"start":{"line":30,"column":58},"end":{"line":30,"column":121}},"19":{"start":{"line":32,"column":28},"end":{"line":35,"column":1}},"20":{"start":{"line":33,"column":24},"end":{"line":33,"column":39}},"21":{"start":{"line":34,"column":2},"end":{"line":34,"column":49}},"22":{"start":{"line":37,"column":23},"end":{"line":37,"column":138}},"23":{"start":{"line":37,"column":60},"end":{"line":37,"column":138}},"24":{"start":{"line":37,"column":95},"end":{"line":37,"column":122}},"25":{"start":{"line":39,"column":20},"end":{"line":39,"column":88}},"26":{"start":{"line":39,"column":39},"end":{"line":39,"column":88}},"27":{"start":{"line":39,"column":62},"end":{"line":39,"column":84}},"28":{"start":{"line":41,"column":35},"end":{"line":47,"column":1}},"29":{"start":{"line":42,"column":34},"end":{"line":42,"column":65}},"30":{"start":{"line":43,"column":2},"end":{"line":45,"column":3}},"31":{"start":{"line":44,"column":4},"end":{"line":44,"column":34}},"32":{"start":{"line":46,"column":2},"end":{"line":46,"column":11}},"33":{"start":{"line":49,"column":38},"end":{"line":55,"column":1}},"34":{"start":{"line":50,"column":37},"end":{"line":50,"column":71}},"35":{"start":{"line":51,"column":2},"end":{"line":53,"column":3}},"36":{"start":{"line":52,"column":4},"end":{"line":52,"column":37}},"37":{"start":{"line":54,"column":2},"end":{"line":54,"column":11}},"38":{"start":{"line":57,"column":25},"end":{"line":180,"column":2}},"39":{"start":{"line":72,"column":6},"end":{"line":72,"column":36}},"40":{"start":{"line":75,"column":6},"end":{"line":77,"column":7}},"41":{"start":{"line":76,"column":8},"end":{"line":76,"column":81}},"42":{"start":{"line":80,"column":31},"end":{"line":80,"column":52}},"43":{"start":{"line":81,"column":6},"end":{"line":81,"column":82}},"44":{"start":{"line":81,"column":49},"end":{"line":81,"column":81}},"45":{"start":{"line":84,"column":27},"end":{"line":84,"column":41}},"46":{"start":{"line":85,"column":31},"end":{"line":85,"column":50}},"47":{"start":{"line":86,"column":25},"end":{"line":86,"column":67}},"48":{"start":{"line":87,"column":6},"end":{"line":87,"column":56}},"49":{"start":{"line":90,"column":27},"end":{"line":90,"column":41}},"50":{"start":{"line":91,"column":31},"end":{"line":91,"column":50}},"51":{"start":{"line":92,"column":25},"end":{"line":92,"column":67}},"52":{"start":{"line":93,"column":6},"end":{"line":93,"column":58}},"53":{"start":{"line":96,"column":27},"end":{"line":96,"column":41}},"54":{"start":{"line":97,"column":31},"end":{"line":97,"column":50}},"55":{"start":{"line":98,"column":25},"end":{"line":98,"column":67}},"56":{"start":{"line":99,"column":6},"end":{"line":99,"column":56}},"57":{"start":{"line":100,"column":6},"end":{"line":100,"column":103}},"58":{"start":{"line":100,"column":52},"end":{"line":100,"column":101}},"59":{"start":{"line":103,"column":31},"end":{"line":103,"column":52}},"60":{"start":{"line":104,"column":25},"end":{"line":104,"column":67}},"61":{"start":{"line":105,"column":25},"end":{"line":105,"column":46}},"62":{"start":{"line":106,"column":6},"end":{"line":106,"column":79}},"63":{"start":{"line":109,"column":31},"end":{"line":109,"column":62}},"64":{"start":{"line":110,"column":26},"end":{"line":110,"column":47}},"65":{"start":{"line":111,"column":25},"end":{"line":111,"column":67}},"66":{"start":{"line":112,"column":6},"end":{"line":112,"column":107}},"67":{"start":{"line":112,"column":74},"end":{"line":112,"column":106}},"68":{"start":{"line":115,"column":26},"end":{"line":115,"column":40}},"69":{"start":{"line":116,"column":31},"end":{"line":116,"column":59}},"70":{"start":{"line":117,"column":26},"end":{"line":117,"column":44}},"71":{"start":{"line":118,"column":25},"end":{"line":118,"column":67}},"72":{"start":{"line":119,"column":24},"end":{"line":119,"column":71}},"73":{"start":{"line":120,"column":6},"end":{"line":120,"column":54}},"74":{"start":{"line":123,"column":26},"end":{"line":123,"column":40}},"75":{"start":{"line":124,"column":31},"end":{"line":124,"column":59}},"76":{"start":{"line":125,"column":26},"end":{"line":125,"column":44}},"77":{"start":{"line":126,"column":25},"end":{"line":126,"column":67}},"78":{"start":{"line":127,"column":24},"end":{"line":127,"column":71}},"79":{"start":{"line":128,"column":6},"end":{"line":128,"column":56}},"80":{"start":{"line":131,"column":6},"end":{"line":131,"column":22}},"81":{"start":{"line":132,"column":6},"end":{"line":132,"column":23}},"82":{"start":{"line":135,"column":6},"end":{"line":135,"column":23}},"83":{"start":{"line":138,"column":6},"end":{"line":138,"column":46}},"84":{"start":{"line":141,"column":6},"end":{"line":141,"column":48}},"85":{"start":{"line":142,"column":6},"end":{"line":142,"column":53}},"86":{"start":{"line":145,"column":6},"end":{"line":145,"column":51}},"87":{"start":{"line":146,"column":6},"end":{"line":146,"column":56}},"88":{"start":{"line":150,"column":4},"end":{"line":154,"column":6}},"89":{"start":{"line":151,"column":6},"end":{"line":151,"column":23}},"90":{"start":{"line":152,"column":6},"end":{"line":152,"column":28}},"91":{"start":{"line":153,"column":6},"end":{"line":153,"column":37}},"92":{"start":{"line":155,"column":4},"end":{"line":174,"column":6}},"93":{"start":{"line":156,"column":6},"end":{"line":156,"column":29}},"94":{"start":{"line":159,"column":21},"end":{"line":159,"column":78}},"95":{"start":{"line":159,"column":62},"end":{"line":159,"column":77}},"96":{"start":{"line":160,"column":6},"end":{"line":173,"column":7}},"97":{"start":{"line":162,"column":8},"end":{"line":167,"column":10}},"98":{"start":{"line":163,"column":10},"end":{"line":163,"column":91}},"99":{"start":{"line":164,"column":10},"end":{"line":164,"column":29}},"100":{"start":{"line":165,"column":10},"end":{"line":165,"column":38}},"101":{"start":{"line":166,"column":10},"end":{"line":166,"column":22}},"102":{"start":{"line":171,"column":8},"end":{"line":171,"column":38}},"103":{"start":{"line":172,"column":8},"end":{"line":172,"column":24}},"104":{"start":{"line":175,"column":4},"end":{"line":178,"column":6}},"105":{"start":{"line":176,"column":6},"end":{"line":176,"column":29}},"106":{"start":{"line":177,"column":6},"end":{"line":177,"column":29}},"107":{"start":{"line":199,"column":4},"end":{"line":199,"column":21}},"108":{"start":{"line":203,"column":27},"end":{"line":217,"column":2}},"109":{"start":{"line":204,"column":2},"end":{"line":216,"column":3}},"110":{"start":{"line":205,"column":18},"end":{"line":205,"column":28}},"111":{"start":{"line":206,"column":4},"end":{"line":213,"column":6}},"112":{"start":{"line":215,"column":4},"end":{"line":215,"column":16}},"113":{"start":{"line":219,"column":27},"end":{"line":219,"column":55}},"114":{"start":{"line":219,"column":38},"end":{"line":219,"column":55}},"115":{"start":{"line":221,"column":30},"end":{"line":238,"column":1}},"116":{"start":{"line":222,"column":16},"end":{"line":222,"column":34}},"117":{"start":{"line":224,"column":2},"end":{"line":235,"column":3}},"118":{"start":{"line":225,"column":4},"end":{"line":227,"column":5}},"119":{"start":{"line":226,"column":6},"end":{"line":226,"column":23}},"120":{"start":{"line":228,"column":4},"end":{"line":234,"column":5}},"121":{"start":{"line":229,"column":6},"end":{"line":233,"column":7}},"122":{"start":{"line":230,"column":8},"end":{"line":232,"column":9}},"123":{"start":{"line":231,"column":10},"end":{"line":231,"column":26}},"124":{"start":{"line":237,"column":2},"end":{"line":237,"column":18}},"125":{"start":{"line":240,"column":28},"end":{"line":240,"column":57}},"126":{"start":{"line":240,"column":39},"end":{"line":240,"column":57}},"127":{"start":{"line":242,"column":39},"end":{"line":242,"column":123}},"128":{"start":{"line":242,"column":58},"end":{"line":242,"column":123}},"129":{"start":{"line":242,"column":94},"end":{"line":242,"column":122}},"130":{"start":{"line":244,"column":39},"end":{"line":244,"column":79}},"131":{"start":{"line":244,"column":50},"end":{"line":244,"column":79}},"132":{"start":{"line":246,"column":33},"end":{"line":246,"column":67}},"133":{"start":{"line":246,"column":44},"end":{"line":246,"column":67}},"134":{"start":{"line":248,"column":33},"end":{"line":248,"column":67}},"135":{"start":{"line":248,"column":44},"end":{"line":248,"column":67}},"136":{"start":{"line":250,"column":34},"end":{"line":250,"column":66}},"137":{"start":{"line":250,"column":45},"end":{"line":250,"column":66}}},"fnMap":{"0":{"name":"(anonymous_0)","decl":{"start":{"line":7,"column":27},"end":{"line":7,"column":28}},"loc":{"start":{"line":7,"column":75},"end":{"line":7,"column":165}},"line":7},"1":{"name":"(anonymous_1)","decl":{"start":{"line":7,"column":106},"end":{"line":7,"column":107}},"loc":{"start":{"line":7,"column":122},"end":{"line":7,"column":158}},"line":7},"2":{"name":"(anonymous_2)","decl":{"start":{"line":9,"column":27},"end":{"line":9,"column":28}},"loc":{"start":{"line":9,"column":67},"end":{"line":9,"column":169}},"line":9},"3":{"name":"(anonymous_3)","decl":{"start":{"line":11,"column":31},"end":{"line":11,"column":32}},"loc":{"start":{"line":12,"column":2},"end":{"line":14,"column":3}},"line":12},"4":{"name":"(anonymous_4)","decl":{"start":{"line":12,"column":26},"end":{"line":12,"column":27}},"loc":{"start":{"line":13,"column":4},"end":{"line":13,"column":137}},"line":13},"5":{"name":"(anonymous_5)","decl":{"start":{"line":16,"column":29},"end":{"line":16,"column":30}},"loc":{"start":{"line":16,"column":165},"end":{"line":23,"column":1}},"line":16},"6":{"name":"(anonymous_6)","decl":{"start":{"line":25,"column":19},"end":{"line":25,"column":20}},"loc":{"start":{"line":25,"column":93},"end":{"line":28,"column":1}},"line":25},"7":{"name":"(anonymous_7)","decl":{"start":{"line":30,"column":24},"end":{"line":30,"column":25}},"loc":{"start":{"line":30,"column":58},"end":{"line":30,"column":121}},"line":30},"8":{"name":"(anonymous_8)","decl":{"start":{"line":32,"column":28},"end":{"line":32,"column":29}},"loc":{"start":{"line":32,"column":38},"end":{"line":35,"column":1}},"line":32},"9":{"name":"(anonymous_9)","decl":{"start":{"line":37,"column":23},"end":{"line":37,"column":24}},"loc":{"start":{"line":37,"column":60},"end":{"line":37,"column":138}},"line":37},"10":{"name":"(anonymous_10)","decl":{"start":{"line":37,"column":79},"end":{"line":37,"column":80}},"loc":{"start":{"line":37,"column":95},"end":{"line":37,"column":122}},"line":37},"11":{"name":"(anonymous_11)","decl":{"start":{"line":39,"column":20},"end":{"line":39,"column":21}},"loc":{"start":{"line":39,"column":39},"end":{"line":39,"column":88}},"line":39},"12":{"name":"(anonymous_12)","decl":{"start":{"line":39,"column":52},"end":{"line":39,"column":53}},"loc":{"start":{"line":39,"column":62},"end":{"line":39,"column":84}},"line":39},"13":{"name":"(anonymous_13)","decl":{"start":{"line":41,"column":35},"end":{"line":41,"column":36}},"loc":{"start":{"line":41,"column":41},"end":{"line":47,"column":1}},"line":41},"14":{"name":"(anonymous_14)","decl":{"start":{"line":49,"column":38},"end":{"line":49,"column":39}},"loc":{"start":{"line":49,"column":44},"end":{"line":55,"column":1}},"line":49},"15":{"name":"(anonymous_15)","decl":{"start":{"line":71,"column":18},"end":{"line":71,"column":19}},"loc":{"start":{"line":71,"column":29},"end":{"line":73,"column":5}},"line":71},"16":{"name":"(anonymous_16)","decl":{"start":{"line":74,"column":28},"end":{"line":74,"column":29}},"loc":{"start":{"line":74,"column":47},"end":{"line":78,"column":5}},"line":74},"17":{"name":"(anonymous_17)","decl":{"start":{"line":79,"column":18},"end":{"line":79,"column":19}},"loc":{"start":{"line":79,"column":37},"end":{"line":82,"column":5}},"line":79},"18":{"name":"(anonymous_18)","decl":{"start":{"line":81,"column":39},"end":{"line":81,"column":40}},"loc":{"start":{"line":81,"column":49},"end":{"line":81,"column":81}},"line":81},"19":{"name":"(anonymous_19)","decl":{"start":{"line":83,"column":28},"end":{"line":83,"column":29}},"loc":{"start":{"line":83,"column":47},"end":{"line":88,"column":5}},"line":83},"20":{"name":"(anonymous_20)","decl":{"start":{"line":89,"column":29},"end":{"line":89,"column":30}},"loc":{"start":{"line":89,"column":48},"end":{"line":94,"column":5}},"line":89},"21":{"name":"(anonymous_21)","decl":{"start":{"line":95,"column":28},"end":{"line":95,"column":29}},"loc":{"start":{"line":95,"column":47},"end":{"line":101,"column":5}},"line":95},"22":{"name":"(anonymous_22)","decl":{"start":{"line":100,"column":36},"end":{"line":100,"column":37}},"loc":{"start":{"line":100,"column":52},"end":{"line":100,"column":101}},"line":100},"23":{"name":"(anonymous_23)","decl":{"start":{"line":102,"column":14},"end":{"line":102,"column":15}},"loc":{"start":{"line":102,"column":33},"end":{"line":107,"column":5}},"line":102},"24":{"name":"(anonymous_24)","decl":{"start":{"line":108,"column":17},"end":{"line":108,"column":18}},"loc":{"start":{"line":108,"column":36},"end":{"line":113,"column":5}},"line":108},"25":{"name":"(anonymous_25)","decl":{"start":{"line":112,"column":59},"end":{"line":112,"column":60}},"loc":{"start":{"line":112,"column":74},"end":{"line":112,"column":106}},"line":112},"26":{"name":"(anonymous_26)","decl":{"start":{"line":114,"column":27},"end":{"line":114,"column":28}},"loc":{"start":{"line":114,"column":46},"end":{"line":121,"column":5}},"line":114},"27":{"name":"(anonymous_27)","decl":{"start":{"line":122,"column":28},"end":{"line":122,"column":29}},"loc":{"start":{"line":122,"column":47},"end":{"line":129,"column":5}},"line":122},"28":{"name":"(anonymous_28)","decl":{"start":{"line":130,"column":16},"end":{"line":130,"column":17}},"loc":{"start":{"line":130,"column":27},"end":{"line":133,"column":5}},"line":130},"29":{"name":"(anonymous_29)","decl":{"start":{"line":134,"column":17},"end":{"line":134,"column":18}},"loc":{"start":{"line":134,"column":28},"end":{"line":136,"column":5}},"line":134},"30":{"name":"(anonymous_30)","decl":{"start":{"line":137,"column":26},"end":{"line":137,"column":27}},"loc":{"start":{"line":137,"column":45},"end":{"line":139,"column":5}},"line":137},"31":{"name":"(anonymous_31)","decl":{"start":{"line":140,"column":16},"end":{"line":140,"column":17}},"loc":{"start":{"line":140,"column":35},"end":{"line":143,"column":5}},"line":140},"32":{"name":"(anonymous_32)","decl":{"start":{"line":144,"column":19},"end":{"line":144,"column":20}},"loc":{"start":{"line":144,"column":38},"end":{"line":147,"column":5}},"line":144},"33":{"name":"(anonymous_33)","decl":{"start":{"line":149,"column":17},"end":{"line":149,"column":18}},"loc":{"start":{"line":149,"column":30},"end":{"line":179,"column":3}},"line":149},"34":{"name":"(anonymous_34)","decl":{"start":{"line":150,"column":41},"end":{"line":150,"column":42}},"loc":{"start":{"line":150,"column":52},"end":{"line":154,"column":5}},"line":150},"35":{"name":"(anonymous_35)","decl":{"start":{"line":155,"column":43},"end":{"line":155,"column":44}},"loc":{"start":{"line":155,"column":62},"end":{"line":174,"column":5}},"line":155},"36":{"name":"(anonymous_36)","decl":{"start":{"line":159,"column":43},"end":{"line":159,"column":44}},"loc":{"start":{"line":159,"column":62},"end":{"line":159,"column":77}},"line":159},"37":{"name":"(anonymous_37)","decl":{"start":{"line":162,"column":34},"end":{"line":162,"column":35}},"loc":{"start":{"line":162,"column":45},"end":{"line":167,"column":9}},"line":162},"38":{"name":"(anonymous_38)","decl":{"start":{"line":175,"column":42},"end":{"line":175,"column":43}},"loc":{"start":{"line":175,"column":61},"end":{"line":178,"column":5}},"line":175},"39":{"name":"(anonymous_39)","decl":{"start":{"line":203,"column":67},"end":{"line":203,"column":68}},"loc":{"start":{"line":203,"column":98},"end":{"line":217,"column":1}},"line":203},"40":{"name":"(anonymous_40)","decl":{"start":{"line":219,"column":27},"end":{"line":219,"column":28}},"loc":{"start":{"line":219,"column":38},"end":{"line":219,"column":55}},"line":219},"41":{"name":"(anonymous_41)","decl":{"start":{"line":221,"column":30},"end":{"line":221,"column":31}},"loc":{"start":{"line":221,"column":49},"end":{"line":238,"column":1}},"line":221},"42":{"name":"(anonymous_42)","decl":{"start":{"line":240,"column":28},"end":{"line":240,"column":29}},"loc":{"start":{"line":240,"column":39},"end":{"line":240,"column":57}},"line":240},"43":{"name":"(anonymous_43)","decl":{"start":{"line":242,"column":39},"end":{"line":242,"column":40}},"loc":{"start":{"line":242,"column":58},"end":{"line":242,"column":123}},"line":242},"44":{"name":"(anonymous_44)","de
[...]
,"C:\\Users\\I561459\\cdc_automation\\cdc-tools-chrome-extension\\src\\services\\site\\siteManager.js": {"path":"C:\\Users\\I561459\\cdc_automation\\cdc-tools-chrome-extension\\src\\services\\site\\siteManager.js","statementMap":{"0":{"start":{"line":6,"column":4},"end":{"line":6,"column":34}},"1":{"start":{"line":7,"column":4},"end":{"line":7,"column":95}},"2":{"start":{"line":11,"column":4},"end":{"line":11,"column":78}},"3":{"start":{"line":13,"column":21},"end":{"line":13,"column":23}},"4":{"start":{"line":14,"column":4},"end":{"line":16,"column":5}},"5":{"start":{"line":14,"column":17},"end":{"line":14,"column":18}},"6":{"start":{"line":15,"column":6},"end":{"line":15,"column":69}},"7":{"start":{"line":17,"column":4},"end":{"line":31,"column":8}},"8":{"start":{"line":19,"column":8},"end":{"line":21,"column":9}},"9":{"start":{"line":20,"column":10},"end":{"line":20,"column":73}},"10":{"start":{"line":22,"column":8},"end":{"line":22,"column":51}},"11":{"start":{"line":26,"column":8},"end":{"line":26,"column":43}},"12":{"start":{"line":29,"column":8},"end":{"line":29,"column":56}},"13":{"start":{"line":30,"column":8},"end":{"line":30,"column":20}},"14":{"start":{"line":35,"column":22},"end":{"line":35,"column":24}},"15":{"start":{"line":36,"column":19},"end":{"line":36,"column":54}},"16":{"start":{"line":37,"column":4},"end":{"line":37,"column":75}},"17":{"start":{"line":38,"column":4},"end":{"line":38,"column":28}},"18":{"start":{"line":40,"column":4},"end":{"line":48,"column":5}},"19":{"start":{"line":41,"column":25},"end":{"line":41,"column":45}},"20":{"start":{"line":42,"column":6},"end":{"line":47,"column":7}},"21":{"start":{"line":43,"column":8},"end":{"line":46,"column":10}},"22":{"start":{"line":44,"column":10},"end":{"line":44,"column":53}},"23":{"start":{"line":45,"column":10},"end":{"line":45,"column":26}},"24":{"start":{"line":49,"column":4},"end":{"line":49,"column":20}},"25":{"start":{"line":53,"column":4},"end":{"line":53,"column":39}},"26":{"start":{"line":57,"column":21},"end":{"line":57,"column":23}},"27":{"start":{"line":58,"column":4},"end":{"line":60,"column":5}},"28":{"start":{"line":59,"column":6},"end":{"line":59,"column":67}},"29":{"start":{"line":61,"column":4},"end":{"line":61,"column":19}},"30":{"start":{"line":65,"column":29},"end":{"line":65,"column":117}},"31":{"start":{"line":66,"column":24},"end":{"line":66,"column":59}},"32":{"start":{"line":67,"column":4},"end":{"line":67,"column":74}},"33":{"start":{"line":68,"column":4},"end":{"line":73,"column":5}},"34":{"start":{"line":69,"column":25},"end":{"line":69,"column":98}},"35":{"start":{"line":70,"column":6},"end":{"line":72,"column":7}},"36":{"start":{"line":71,"column":8},"end":{"line":71,"column":75}},"37":{"start":{"line":74,"column":4},"end":{"line":74,"column":24}},"38":{"start":{"line":78,"column":17},"end":{"line":82,"column":5}},"39":{"start":{"line":83,"column":4},"end":{"line":83,"column":51}},"40":{"start":{"line":84,"column":4},"end":{"line":84,"column":40}},"41":{"start":{"line":88,"column":17},"end":{"line":88,"column":44}},"42":{"start":{"line":89,"column":4},"end":{"line":89,"column":20}},"43":{"start":{"line":90,"column":4},"end":{"line":90,"column":24}},"44":{"start":{"line":91,"column":4},"end":{"line":91,"column":44}},"45":{"start":{"line":92,"column":4},"end":{"line":92,"column":53}},"46":{"start":{"line":93,"column":4},"end":{"line":93,"column":15}},"47":{"start":{"line":99,"column":4},"end":{"line":99,"column":28}},"48":{"start":{"line":105,"column":4},"end":{"line":105,"column":34}},"49":{"start":{"line":109,"column":4},"end":{"line":109,"column":35}},"50":{"start":{"line":113,"column":4},"end":{"line":113,"column":133}},"51":{"start":{"line":117,"column":22},"end":{"line":117,"column":24}},"52":{"start":{"line":118,"column":4},"end":{"line":120,"column":5}},"53":{"start":{"line":119,"column":6},"end":{"line":119,"column":44}},"54":{"start":{"line":121,"column":4},"end":{"line":129,"column":8}},"55":{"start":{"line":123,"column":8},"end":{"line":123,"column":80}},"56":{"start":{"line":124,"column":8},"end":{"line":124,"column":37}},"57":{"start":{"line":127,"column":8},"end":{"line":127,"column":50}},"58":{"start":{"line":128,"column":8},"end":{"line":128,"column":20}},"59":{"start":{"line":133,"column":4},"end":{"line":133,"column":48}},"60":{"start":{"line":134,"column":22},"end":{"line":134,"column":24}},"61":{"start":{"line":135,"column":29},"end":{"line":135,"column":111}},"62":{"start":{"line":137,"column":23},"end":{"line":137,"column":73}},"63":{"start":{"line":138,"column":4},"end":{"line":142,"column":5}},"64":{"start":{"line":139,"column":6},"end":{"line":139,"column":57}},"65":{"start":{"line":140,"column":6},"end":{"line":140,"column":32}},"66":{"start":{"line":141,"column":6},"end":{"line":141,"column":39}},"67":{"start":{"line":144,"column":23},"end":{"line":144,"column":44}},"68":{"start":{"line":145,"column":24},"end":{"line":145,"column":58}},"69":{"start":{"line":148,"column":4},"end":{"line":151,"column":5}},"70":{"start":{"line":149,"column":30},"end":{"line":149,"column":85}},"71":{"start":{"line":150,"column":6},"end":{"line":150,"column":47}},"72":{"start":{"line":154,"column":21},"end":{"line":154,"column":76}},"73":{"start":{"line":155,"column":4},"end":{"line":155,"column":53}},"74":{"start":{"line":156,"column":4},"end":{"line":156,"column":28}},"75":{"start":{"line":157,"column":4},"end":{"line":157,"column":20}},"76":{"start":{"line":161,"column":21},"end":{"line":161,"column":23}},"77":{"start":{"line":162,"column":4},"end":{"line":165,"column":5}},"78":{"start":{"line":162,"column":17},"end":{"line":162,"column":18}},"79":{"start":{"line":163,"column":19},"end":{"line":163,"column":33}},"80":{"start":{"line":164,"column":6},"end":{"line":164,"column":60}},"81":{"start":{"line":166,"column":22},"end":{"line":166,"column":24}},"82":{"start":{"line":167,"column":4},"end":{"line":170,"column":6}},"83":{"start":{"line":168,"column":6},"end":{"line":168,"column":30}},"84":{"start":{"line":169,"column":6},"end":{"line":169,"column":22}},"85":{"start":{"line":174,"column":21},"end":{"line":174,"column":68}},"86":{"start":{"line":175,"column":4},"end":{"line":175,"column":45}},"87":{"start":{"line":176,"column":4},"end":{"line":176,"column":19}},"88":{"start":{"line":180,"column":4},"end":{"line":180,"column":76}},"89":{"start":{"line":184,"column":21},"end":{"line":184,"column":52}},"90":{"start":{"line":185,"column":4},"end":{"line":185,"column":61}},"91":{"start":{"line":186,"column":4},"end":{"line":186,"column":65}},"92":{"start":{"line":187,"column":4},"end":{"line":187,"column":59}},"93":{"start":{"line":188,"column":4},"end":{"line":188,"column":65}},"94":{"start":{"line":189,"column":4},"end":{"line":189,"column":65}},"95":{"start":{"line":190,"column":4},"end":{"line":190,"column":49}},"96":{"start":{"line":191,"column":4},"end":{"line":191,"column":57}},"97":{"start":{"line":192,"column":4},"end":{"line":192,"column":19}},"98":{"start":{"line":196,"column":4},"end":{"line":202,"column":5}},"99":{"start":{"line":197,"column":6},"end":{"line":201,"column":7}},"100":{"start":{"line":198,"column":8},"end":{"line":200,"column":9}},"101":{"start":{"line":199,"column":10},"end":{"line":199,"column":21}},"102":{"start":{"line":203,"column":4},"end":{"line":203,"column":16}},"103":{"start":{"line":207,"column":21},"end":{"line":207,"column":23}},"104":{"start":{"line":208,"column":4},"end":{"line":210,"column":5}},"105":{"start":{"line":208,"column":17},"end":{"line":208,"column":18}},"106":{"start":{"line":209,"column":6},"end":{"line":209,"column":71}},"107":{"start":{"line":211,"column":4},"end":{"line":219,"column":8}},"108":{"start":{"line":213,"column":8},"end":{"line":213,"column":88}},"109":{"start":{"line":214,"column":8},"end":{"line":214,"column":31}},"110":{"start":{"line":217,"column":8},"end":{"line":217,"column":69}},"111":{"start":{"line":218,"column":8},"end":{"line":218,"column":20}},"112":{"start":{"line":223,"column":31},"end":{"line":225,"column":6}},"113":{"start":{"line":224,"column":6},"end":{"line":224,"column":43}},"114":{"start":{"line":226,"column":4},"end":{"line":233,"column":5}},"115":{"start":{"line":227,"column":30},"end":{"line":227,"column":81}},"116":{"start":{"line":228,"column":6},"end":{"line":232,"column":7}},"117":{"start":{"line":229,"column":8},"end":{"line":231,"column":9}},"118":{"start":{"line":230,"column":10},"end":{"line":230,"column":81}},"119":{"start":{"line":234,"column":4},"end":{"line":234,"column":20}},"120":{"start":{"line":238,"column":21},"end":{"line":240,"column":6}},"121":{"start":{"line":239,"column":6},"end":{"line":239,"column":59}},"122":{"start":{"line":241,"column":4},"end":{"line":243,"column":5}},"123":{"start":{"line":242,"column":6},"end":{"line":242,"column":29}}},"fnMap":{"0":{"name":"(anonymous_0)","decl":{"start":{"line":5,"column":2},"end":{"line":5,"column":3}},"loc":{"start":{"line":5,"column":27},"end":{"line":8,"column":3}},"line":5},"1":{"name":"(anonymous_1)","decl":{"start":{"line":10,"column":2},"end":{"line":10,"column":3}},"loc":{"start":{"line":10,"column":30},"end":{"line":32,"column":3}},"line":10},"2":{"name":"(anonymous_2)","decl":{"start":{"line":18,"column":12},"end":{"line":18,"column":13}},"loc":{"start":{"line":18,"column":47},"end":{"line":23,"column":7}},"line":18},"3":{"name":"(anonymous_3)","decl":{"start":{"line":24,"column":12},"end":{"line":24,"column":13}},"loc":{"start":{"line":24,"column":46},"end":{"line":27,"column":7}},"line":24},"4":{"name":"(anonymous_4)","decl":{"start":{"line":28,"column":13},"end":{"line":28,"column":14}},"loc":{"start":{"line":28,"column":24},"end":{"line":31,"column":7}},"line":28},"5":{"name":"(anonymous_5)","decl":{"start":{"line":43,"column":93},"end":{"line":43,"column":94}},"loc":{"start":{"line":43,"column":123},"end":{"line":46,"column":9}},"line":43},"6":{"name":"(anonymous_6)","decl":{"start":{"line":116,"column":2},"end":{"line":116,"column":3}},"loc":{"start":{"line":116,"column":35},"end":{"line":130,"column":3}},"line":116},"7":{"name":"(anonymous_7)","decl":{"start":{"line":122,"column":12},"end":{"line":122,"column":13}},"loc":{"start":{"line":122,"column":33},"end":{"line":125,"column":7}},"line":122},"8":{"name":"(anonymous_8)","decl":{"start":{"line":126,"column":13},"end":{"line":126,"column":14}},"loc":{"start":{"line":126,"column":24},"end":{"line":129,"column":7}},"line":126},"9":{"name":"(anonymous_9)","decl":{"start":{"line":167,"column":38},"end":{"line":167,"column":39}},"loc":{"start":{"line":167,"column":52},"end":{"line":170,"column":5}},"line":167},"10":{"name":"(anonymous_10)","decl":{"start":{"line":212,"column":12},"end":{"line":212,"column":13}},"loc":{"start":{"line":212,"column":27},"end":{"line":215,"column":7}},"line":212},"11":{"name":"(anonymous_11)","decl":{"start":{"line":216,"column":13},"end":{"line":216,"column":14}},"loc":{"start":{"line":216,"column":24},"end":{"line":219,"column":7}},"line":216},"12":{"name":"(anonymous_12)","decl":{"start":{"line":223,"column":46},"end":{"line":223,"column":47}},"loc":{"start":{"line":223,"column":60},"end":{"line":225,"column":5}},"line":223},"13":{"name":"(anonymous_13)","decl":{"start":{"line":238,"column":36},"end":{"line":238,"column":37}},"loc":{"start":{"line":238,"column":45},"end":{"line":240,"column":5}},"line":238}},"branchMap":{"0":{"loc":{"start":{"line":19,"column":8},"end":{"line":21,"column":9}},"type":"if","locations":[{"start":{"line":19,"column":8},"end":{"line":21,"column":9}},{"start":{},"end":{}}],"line":19},"1":{"loc":{"start":{"line":40,"column":4},"end":{"line":48,"column":5}},"type":"if","locations":[{"start":{"line":40,"column":4},"end":{"line":48,"column":5}},{"start":{},"end":{}}],"line":40},"2":{"loc":{"start":{"line":42,"column":6},"end":{"line":47,"column":7}},"type":"if","locations":[{"start":{"line":42,"column":6},"end":{"line":47,"column":7}},{"start":{},"end":{}}],"line":42},"3":{"loc":{"start":{"line":42,"column":10},"end":{"line":42,"column":45}},"type":"binary-expr","locations":[{"start":{"line":42,"column":10},"end":{"line":42,"column":20}},{"start":{"line":42,"column":24},"end":{"line":42,"column":45}}],"line":42},"4":{"loc":{"start":{"line":68,"column":4},"end":{"line":73,"column":5}},"type":"if","locations":[{"start":{"line":68,"column":4},"end":{"line":73,"column":5}},{"start":{},"end":{}}],"line":68},"5":{"loc":{"start":{"line":70,"column":6},"end":{"line":72,"column":7}},"type":"if","locations":[{"start":{"line":70,"column":6},"end":{"line":72,"column":7}},{"start":{},"end":{}}],"line":70},"6":{"loc":{"start":{"line":113,"column":11},"end":{"line":113,"column":133}},"type":"binary-expr","locations":[{"start":{"line":113,"column":11},"end":{"line":113,"column":35}},{"start":{"line":113,"column":40},"end":{"line":113,"column":64}},{"start":{"line":113,"column":68},"end":{"line":113,"column":83}},{"start":{"line":113,"column":87},"end":{"line":113,"column":102}},{"start":{"line":113,"column":106},"end":{"line":113,"column":132}}],"line":113},"7":{"loc":{"start":{"line":138,"column":4},"end":{"line":142,"column":5}},"type":"if","locations":[{"start":{"line":138,"column":4},"end":{"line":142,"column":5}},{"start":{},"end":{}}],"line":138},"8":{"loc":{"start":{"line":138,"column":8},"end":{"line":138,"column":81}},"type":"binary-expr","locations":[{"start":{"line":138,"column":8},"end":{"line":138,"column":46}},{"start":{"line":138,"column":50},"end":{"line":138,"column":81}}],"line":138},"9":{"loc":{"start":{"line":148,"column":4},"end":{"line":151,"column":5}},"type":"if","locations":[{"start":{"line":148,"column":4},"end":{"line":151,"column":5}},{"start":{},"end":{}}],"line":148},"10":{"loc":{"start":{"line":148,"column":8},"end":{"line":148,"column":45}},"type":"binary-expr","locations":[{"start":{"line":148,"column":8},"end":{"line":148,"column":19}},{"start":{"line":148,"column":23},"end":{"line":148,"column":45}}],"line":148},"11":{"loc":{"start":{"line":180,"column":11},"end":{"line":180,"column":76}},"type":"binary-expr","locations":[{"start":{"line":180,"column":11},"end":{"line":180,"column":50}},{"start":{"line":180,"column":54},"end":{"line":180,"column":76}}],"line":180},"12":{"loc":{"start":{"line":198,"column":8},"end":{"line":200,"column":9}},"type":"if","locations":[{"start":{"line":198,"column":8},"end":{"line":200,"column":9}},{"start":{},"end":{}}],"line":198},"13":{"loc":{"start":{"line":226,"column":4},"end":{"line":233,"column":5}},"type":"if","locations":[{"start":{"line":226,"column":4},"end":{"line":233,"column":5}},{"start":{},"end":{}}],"line":226},"14":{"loc":{"start":{"line":229,"column":8},"end":{"line":231,"column":9}},"type":"if","locations":[{"start":{"line":229,"column":8},"end":{"line":231,"column":9}},{"start":{},"end":{}}],"line":229},"15":{"loc":{"start":{"line":239,"column":13},"end":{"line":239,"column":59}},"type":"binary-expr","locations":[{"start":{"line":239,"column":13},"end":{"line":239,"column":34}},{"start":{"line":239,"column":38},"end":{"line":239,"column":59}}],"line":239},"16":{"loc":{"start":{"line":241,"column":4},"end":{"line":243,"column":5}},"type":"if","locations":[{"start":{"line":241,"column":4},"end":{"line":243,"column":5}},{"start":{},"end":{}}],"line":241}},"s":{"0":7,"1":7,"2":22,"3":22,"4":22,"5":22,"6":38,"7":22,"8":22,"9":11,"10":11,"11":22,"12":0,"13":0,"14":38,"15":38,"16":38,"17":38,"18":38,"19":37,"20":37,"21":35,"22":35,"23":35,"24":3,"25":38,"26":35,"27":35,"28":208,"29":35,"30":208,"31":208,"32":208,"33":208,"34":202,"35":202,"36":4,"37":208,"38":246,"39":246,"40":246,"41":246,"42":246,"43":246,"44":246,"45":246,"46":246,"47":130,"48":246,"49":833,"50":19,"51":23,"52":23,"53":25,"54":23,"55":23,"56":23,"57":0,"58":0,"59":25,"60":25,"61":25,"62":25,"63":25,"64":3,"65":3,"66":3,"67":22,"68":22,"69":22,"70":20,"71":20,"72":22,"73":22,"74":22,"75":22,"76":20,"77":20,"78":20,"79":105,"80":105,"81":20,"82":20,"83":20,"84":20,"85":105,"86":105,"87":105,"88":25,"89":4,"90":4,"91":4,"92":4,"93":4,"94":4,"95":4,"96":4,"97":4,"98":22,"99":37,"100":242,"101":11,"102":11,"103":11,"104":11,"105":11,"106":19,"107":11,"108":11,"109":11,"110":0,"111":0,"112":19,"113":19,"114":19,"115":18,"116":18,"117":120,"118":118,"119":19,"120":118,"121":628,"122":118,"123":115},"f":{"0":7,"1":22,"2":22,"3":22,"4":0,"5":35,"6":23,"7":23,"8":0,"9":20,"10":11,"11":0,"12":19,"13":628},"b":{"0":[11,11],"1":[37,1],"2":[35,2],"3":[37,37],"4":[202,6],"5":[4,198],"6":[19,1,1,1,0],"7":[3,22],"8":[25,23],"9":[20,2],"10":[22,20],"11":[25,2],"12":[11,231],"13":[18,1],"14":[118,2],"15":[628,625],"16":[115,3]},"_coverageSchema":"1a1c01bbd47fc00a2c39e90264f33305004495a9","hash":"23aa4f75d7ca616f03c25077232433ad0d6a1aba"}
,"C:\\Users\\I561459\\cdc_automation\\cdc-tools-chrome-extension\\src\\utils\\generateUUID.js": {"path":"C:\\Users\\I561459\\cdc_automation\\cdc-tools-chrome-extension\\src\\utils\\generateUUID.js","statementMap":{"0":{"start":{"line":1,"column":28},"end":{"line":8,"column":1}},"1":{"start":{"line":2,"column":10},"end":{"line":2,"column":30}},"2":{"start":{"line":3,"column":2},"end":{"line":7,"column":4}},"3":{"start":{"line":4,"column":12},"end":{"line":4,"column":45}},"4":{"start":{"line":5,"column":4},"end":{"line":5,"column":26}},"5":{"start":{"line":6,"column":4},"end":{"line":6,"column":57}}},"fnMap":{"0":{"name":"(anonymous_0)","decl":{"start":{"line":1,"column":28},"end":{"line":1,"column":29}},"loc":{"start":{"line":1,"column":40},"end":{"line":8,"column":1}},"line":1},"1":{"name":"(anonymous_1)","decl":{"start":{"line":3,"column":65},"end":{"line":3,"column":66}},"loc":{"start":{"line":3,"column":78},"end":{"line":7,"column":3}},"line":3}},"branchMap":{"0":{"loc":{"start":{"line":6,"column":12},"end":{"line":6,"column":43}},"type":"cond-expr","locations":[{"start":{"line":6,"column":24},"end":{"line":6,"column":25}},{"start":{"line":6,"column":28},"end":{"line":6,"column":43}}],"line":6}},"s":{"0":1,"1":4,"2":4,"3":124,"4":124,"5":124},"f":{"0":4,"1":124},"b":{"0":[120,4]},"_coverageSchema":"1a1c01bbd47fc00a2c39e90264f33305004495a9","hash":"9a1b0adefd91aac4ebaad733b7ce34fb305b8532"}
}
